This file contains any messages produced by compilers while
running configure, to aid debugging if configure makes a mistake.

It was created by libosmscout configure 0.1, which was
generated by GNU Autoconf 2.69.  Invocation command line was

  $ ./configure --disable-see2-support

## --------- ##
## Platform. ##
## --------- ##

hostname = nk.home
uname -m = x86_64
uname -r = 13.0.0
uname -s = Darwin
uname -v = Darwin Kernel Version 13.0.0: Thu Sep 19 22:22:27 PDT 2013; root:xnu-2422.1.72~6/RELEASE_X86_64

/usr/bin/uname -p = i386
/bin/uname -X     = unknown

/bin/arch              = unknown
/usr/bin/arch -k       = unknown
/usr/convex/getsysinfo = unknown
/usr/bin/hostinfo      = Mach kernel version:
	 Darwin Kernel Version 13.0.0: Thu Sep 19 22:22:27 PDT 2013; root:xnu-2422.1.72~6/RELEASE_X86_64
Kernel configured for up to 4 processors.
2 processors are physically available.
4 processors are logically available.
Processor type: i486 (Intel 80486)
Processors active: 0 1 2 3
Primary memory available: 8.00 gigabytes
Default processor set: 228 tasks, 1239 threads, 4 processors
Load average: 3.05, Mach factor: 1.21
/bin/machine           = unknown
/usr/bin/oslevel       = unknown
/bin/universe          = unknown

PATH: /Users/nk/.rbenv/shims
PATH: /Users/nk/.tools
PATH: /usr/bin
PATH: /bin
PATH: /usr/sbin
PATH: /sbin
PATH: /usr/local/bin


## ----------- ##
## Core tests. ##
## ----------- ##

configure:2827: checking for a BSD-compatible install
configure:2895: result: /usr/bin/install -c
configure:2906: checking whether build environment is sane
configure:2961: result: yes
configure:3112: checking for a thread-safe mkdir -p
configure:3151: result: ./install-sh -c -d
configure:3158: checking for gawk
configure:3188: result: no
configure:3158: checking for mawk
configure:3188: result: no
configure:3158: checking for nawk
configure:3188: result: no
configure:3158: checking for awk
configure:3174: found /usr/bin/awk
configure:3185: result: awk
configure:3196: checking whether make sets $(MAKE)
configure:3218: result: yes
configure:3247: checking whether make supports nested variables
configure:3264: result: yes
configure:3391: checking whether make supports nested variables
configure:3408: result: yes
configure:3478: checking for g++
configure:3494: found /usr/bin/g++
configure:3505: result: g++
configure:3532: checking for C++ compiler version
configure:3541: g++ --version >&5
Apple LLVM version 5.0 (clang-500.2.79) (based on LLVM 3.3svn)
Target: x86_64-apple-darwin13.0.0
Thread model: posix
Configured with: --prefix=/Applications/Xcode.app/Contents/Developer/usr --with-gxx-include-dir=/usr/include/c++/4.2.1
configure:3552: $? = 0
configure:3541: g++ -v >&5
Configured with: --prefix=/Applications/Xcode.app/Contents/Developer/usr --with-gxx-include-dir=/usr/include/c++/4.2.1
Apple LLVM version 5.0 (clang-500.2.79) (based on LLVM 3.3svn)
Target: x86_64-apple-darwin13.0.0
Thread model: posix
configure:3552: $? = 0
configure:3541: g++ -V >&5
clang: error: argument to '-V' is missing (expected 1 value)
clang: error: no input files
configure:3552: $? = 1
configure:3541: g++ -qversion >&5
clang: error: no input files
configure:3552: $? = 1
configure:3572: checking whether the C++ compiler works
configure:3594: g++    conftest.cpp  >&5
configure:3598: $? = 0
configure:3646: result: yes
configure:3649: checking for C++ compiler default output file name
configure:3651: result: a.out
configure:3657: checking for suffix of executables
configure:3664: g++ -o conftest    conftest.cpp  >&5
configure:3668: $? = 0
configure:3690: result: 
configure:3712: checking whether we are cross compiling
configure:3720: g++ -o conftest    conftest.cpp  >&5
configure:3724: $? = 0
configure:3731: ./conftest
configure:3735: $? = 0
configure:3750: result: no
configure:3755: checking for suffix of object files
configure:3777: g++ -c   conftest.cpp >&5
configure:3781: $? = 0
configure:3802: result: o
configure:3806: checking whether we are using the GNU C++ compiler
configure:3825: g++ -c   conftest.cpp >&5
configure:3825: $? = 0
configure:3834: result: yes
configure:3843: checking whether g++ accepts -g
configure:3863: g++ -c -g  conftest.cpp >&5
configure:3863: $? = 0
configure:3904: result: yes
configure:3938: checking for style of include used by make
configure:3966: result: GNU
configure:3992: checking dependency style of g++
configure:4103: result: gcc3
configure:4153: checking build system type
configure:4167: result: x86_64-apple-darwin13.0.0
configure:4187: checking host system type
configure:4200: result: x86_64-apple-darwin13.0.0
configure:4241: checking how to print strings
configure:4268: result: printf
configure:4337: checking for gcc
configure:4353: found /usr/bin/gcc
configure:4364: result: gcc
configure:4593: checking for C compiler version
configure:4602: gcc --version >&5
Apple LLVM version 5.0 (clang-500.2.79) (based on LLVM 3.3svn)
Target: x86_64-apple-darwin13.0.0
Thread model: posix
Configured with: --prefix=/Applications/Xcode.app/Contents/Developer/usr --with-gxx-include-dir=/usr/include/c++/4.2.1
configure:4613: $? = 0
configure:4602: gcc -v >&5
Configured with: --prefix=/Applications/Xcode.app/Contents/Developer/usr --with-gxx-include-dir=/usr/include/c++/4.2.1
Apple LLVM version 5.0 (clang-500.2.79) (based on LLVM 3.3svn)
Target: x86_64-apple-darwin13.0.0
Thread model: posix
configure:4613: $? = 0
configure:4602: gcc -V >&5
clang: error: argument to '-V' is missing (expected 1 value)
clang: error: no input files
configure:4613: $? = 1
configure:4602: gcc -qversion >&5
clang: error: no input files
configure:4613: $? = 1
configure:4617: checking whether we are using the GNU C compiler
configure:4636: gcc -c   conftest.c >&5
configure:4636: $? = 0
configure:4645: result: yes
configure:4654: checking whether gcc accepts -g
configure:4674: gcc -c -g  conftest.c >&5
configure:4674: $? = 0
configure:4715: result: yes
configure:4732: checking for gcc option to accept ISO C89
configure:4795: gcc  -c -g -O2  conftest.c >&5
configure:4795: $? = 0
configure:4808: result: none needed
configure:4833: checking whether gcc understands -c and -o together
configure:4855: gcc -c conftest.c -o conftest2.o
configure:4858: $? = 0
configure:4855: gcc -c conftest.c -o conftest2.o
configure:4858: $? = 0
configure:4870: result: yes
configure:4889: checking dependency style of gcc
configure:5000: result: gcc3
configure:5015: checking for a sed that does not truncate output
configure:5079: result: /usr/bin/sed
configure:5097: checking for grep that handles long lines and -e
configure:5155: result: /usr/bin/grep
configure:5160: checking for egrep
configure:5222: result: /usr/bin/grep -E
configure:5227: checking for fgrep
configure:5289: result: /usr/bin/grep -F
configure:5324: checking for ld used by gcc
configure:5391: result: /Applications/Xcode.app/Contents/Developer/Toolchains/XcodeDefault.xctoolchain/usr/bin/ld
configure:5398: checking if the linker (/Applications/Xcode.app/Contents/Developer/Toolchains/XcodeDefault.xctoolchain/usr/bin/ld) is GNU ld
configure:5413: result: no
configure:5425: checking for BSD- or MS-compatible name lister (nm)
configure:5474: result: /usr/bin/nm
configure:5604: checking the name lister (/usr/bin/nm) interface
configure:5611: g++ -c -g -O2  conftest.cpp >&5
configure:5614: /usr/bin/nm "conftest.o"
configure:5617: output
0000000000000228 S _some_variable
configure:5624: result: BSD nm
configure:5627: checking whether ln -s works
configure:5631: result: yes
configure:5639: checking the maximum length of command line arguments
configure:5769: result: 196608
configure:5786: checking whether the shell understands some XSI constructs
configure:5796: result: yes
configure:5800: checking whether the shell understands "+="
configure:5806: result: yes
configure:5841: checking how to convert x86_64-apple-darwin13.0.0 file names to x86_64-apple-darwin13.0.0 format
configure:5881: result: func_convert_file_noop
configure:5888: checking how to convert x86_64-apple-darwin13.0.0 file names to toolchain format
configure:5908: result: func_convert_file_noop
configure:5915: checking for /Applications/Xcode.app/Contents/Developer/Toolchains/XcodeDefault.xctoolchain/usr/bin/ld option to reload object files
configure:5922: result: -r
configure:5996: checking for objdump
configure:6026: result: no
configure:6052: checking how to recognize dependent libraries
configure:6254: result: pass_all
configure:6339: checking for dlltool
configure:6369: result: no
configure:6396: checking how to associate runtime and link libraries
configure:6423: result: printf %s\n
configure:6484: checking for ar
configure:6500: found /usr/bin/ar
configure:6511: result: ar
configure:6548: checking for archiver @FILE support
configure:6565: g++ -c -g -O2  conftest.cpp >&5
configure:6565: $? = 0
configure:6568: ar cru libconftest.a @conftest.lst >&5
ar: @conftest.lst: No such file or directory
configure:6571: $? = 1
configure:6591: result: no
configure:6649: checking for strip
configure:6665: found /usr/bin/strip
configure:6676: result: strip
configure:6748: checking for ranlib
configure:6764: found /usr/bin/ranlib
configure:6775: result: ranlib
configure:6877: checking command to parse /usr/bin/nm output from gcc object
configure:6997: g++ -c -g -O2  conftest.cpp >&5
configure:7000: $? = 0
configure:7004: /usr/bin/nm conftest.o \| sed -n -e 's/^.*[ ]\([BCDEGRST][BCDEGRST]*\)[ ][ ]*\([_A-Za-z][_A-Za-z0-9]*\)$/\1 \2 \2/p' | sed '/ __gnu_lto/d' \> conftest.nm
configure:7007: $? = 0
cannot find nm_test_var in conftest.nm
configure:6997: g++ -c -g -O2  conftest.cpp >&5
configure:7000: $? = 0
configure:7004: /usr/bin/nm conftest.o \| sed -n -e 's/^.*[ ]\([BCDEGRST][BCDEGRST]*\)[ ][ ]*_\([_A-Za-z][_A-Za-z0-9]*\)$/\1 _\2 \2/p' | sed '/ __gnu_lto/d' \> conftest.nm
configure:7007: $? = 0
configure:7073: g++ -o conftest -g -O2   conftest.cpp conftstm.o >&5
configure:7076: $? = 0
configure:7114: result: ok
configure:7151: checking for sysroot
configure:7181: result: no
configure:7438: checking for mt
configure:7468: result: no
configure:7488: checking if : is a manifest tool
configure:7494: : '-?'
configure:7502: result: no
configure:7558: checking for dsymutil
configure:7574: found /usr/bin/dsymutil
configure:7585: result: dsymutil
configure:7650: checking for nmedit
configure:7666: found /usr/bin/nmedit
configure:7677: result: nmedit
configure:7742: checking for lipo
configure:7758: found /usr/bin/lipo
configure:7769: result: lipo
configure:7834: checking for otool
configure:7850: found /usr/bin/otool
configure:7861: result: otool
configure:7926: checking for otool64
configure:7956: result: no
configure:8001: checking for -single_module linker flag
gcc -g -O2  -o libconftest.dylib -dynamiclib -Wl,-single_module conftest.c
configure:8034: result: yes
configure:8037: checking for -exported_symbols_list linker flag
configure:8057: g++ -o conftest -g -O2   -Wl,-exported_symbols_list,conftest.sym conftest.cpp  >&5
configure:8057: $? = 0
configure:8067: result: yes
configure:8070: checking for -force_load linker flag
gcc -g -O2 -c -o conftest.o conftest.c
ar cru libconftest.a conftest.o
ranlib libconftest.a
gcc -g -O2  -o conftest conftest.c -Wl,-force_load,./libconftest.a
configure:8102: result: yes
configure:8144: checking how to run the C preprocessor
configure:8175: gcc -E  conftest.c
configure:8175: $? = 0
configure:8189: gcc -E  conftest.c
conftest.c:9:10: fatal error: 'ac_nonexistent.h' file not found
#include <ac_nonexistent.h>
         ^
1 error generated.
configure:8189: $? = 1
configure: failed program was:
| /* confdefs.h */
| #define PACKAGE_NAME "libosmscout"
| #define PACKAGE_TARNAME "libosmscout"
| #define PACKAGE_VERSION "0.1"
| #define PACKAGE_STRING "libosmscout 0.1"
| #define PACKAGE_BUGREPORT "tim@teulings.org"
| #define PACKAGE_URL ""
| /* end confdefs.h.  */
| #include <ac_nonexistent.h>
configure:8214: result: gcc -E
configure:8234: gcc -E  conftest.c
configure:8234: $? = 0
configure:8248: gcc -E  conftest.c
conftest.c:9:10: fatal error: 'ac_nonexistent.h' file not found
#include <ac_nonexistent.h>
         ^
1 error generated.
configure:8248: $? = 1
configure: failed program was:
| /* confdefs.h */
| #define PACKAGE_NAME "libosmscout"
| #define PACKAGE_TARNAME "libosmscout"
| #define PACKAGE_VERSION "0.1"
| #define PACKAGE_STRING "libosmscout 0.1"
| #define PACKAGE_BUGREPORT "tim@teulings.org"
| #define PACKAGE_URL ""
| /* end confdefs.h.  */
| #include <ac_nonexistent.h>
configure:8277: checking for ANSI C header files
configure:8297: gcc -c -g -O2  conftest.c >&5
configure:8297: $? = 0
configure:8370: gcc -o conftest -g -O2   conftest.c  >&5
configure:8370: $? = 0
configure:8370: ./conftest
configure:8370: $? = 0
configure:8381: result: yes
configure:8394: checking for sys/types.h
configure:8394: gcc -c -g -O2  conftest.c >&5
configure:8394: $? = 0
configure:8394: result: yes
configure:8394: checking for sys/stat.h
configure:8394: gcc -c -g -O2  conftest.c >&5
configure:8394: $? = 0
configure:8394: result: yes
configure:8394: checking for stdlib.h
configure:8394: gcc -c -g -O2  conftest.c >&5
configure:8394: $? = 0
configure:8394: result: yes
configure:8394: checking for string.h
configure:8394: gcc -c -g -O2  conftest.c >&5
configure:8394: $? = 0
configure:8394: result: yes
configure:8394: checking for memory.h
configure:8394: gcc -c -g -O2  conftest.c >&5
configure:8394: $? = 0
configure:8394: result: yes
configure:8394: checking for strings.h
configure:8394: gcc -c -g -O2  conftest.c >&5
configure:8394: $? = 0
configure:8394: result: yes
configure:8394: checking for inttypes.h
configure:8394: gcc -c -g -O2  conftest.c >&5
configure:8394: $? = 0
configure:8394: result: yes
configure:8394: checking for stdint.h
configure:8394: gcc -c -g -O2  conftest.c >&5
configure:8394: $? = 0
configure:8394: result: yes
configure:8394: checking for unistd.h
configure:8394: gcc -c -g -O2  conftest.c >&5
configure:8394: $? = 0
configure:8394: result: yes
configure:8408: checking for dlfcn.h
configure:8408: gcc -c -g -O2  conftest.c >&5
configure:8408: $? = 0
configure:8408: result: yes
configure:8922: checking for objdir
configure:8937: result: .libs
configure:9208: checking if gcc supports -fno-rtti -fno-exceptions
configure:9226: gcc -c -g -O2  -fno-rtti -fno-exceptions conftest.c >&5
configure:9230: $? = 0
configure:9243: result: yes
configure:9570: checking for gcc option to produce PIC
configure:9577: result: -fno-common -DPIC
configure:9585: checking if gcc PIC flag -fno-common -DPIC works
configure:9603: gcc -c -g -O2  -fno-common -DPIC -DPIC conftest.c >&5
configure:9607: $? = 0
configure:9620: result: yes
configure:9649: checking if gcc static flag -static works
configure:9677: result: no
configure:9692: checking if gcc supports -c -o file.o
configure:9713: gcc -c -g -O2  -o out/conftest2.o conftest.c >&5
configure:9717: $? = 0
configure:9739: result: yes
configure:9747: checking if gcc supports -c -o file.o
configure:9794: result: yes
configure:9827: checking whether the gcc linker (/Applications/Xcode.app/Contents/Developer/Toolchains/XcodeDefault.xctoolchain/usr/bin/ld) supports shared libraries
configure:10980: result: yes
configure:11220: checking dynamic linker characteristics
configure:11953: result: darwin13.0.0 dyld
configure:12060: checking how to hardcode library paths into programs
configure:12085: result: immediate
configure:12625: checking whether stripping libraries is possible
configure:12639: result: yes
configure:12665: checking if libtool supports shared libraries
configure:12667: result: yes
configure:12670: checking whether to build shared libraries
configure:12691: result: yes
configure:12694: checking whether to build static libraries
configure:12698: result: yes
configure:12721: checking how to run the C++ preprocessor
configure:12748: g++ -E  conftest.cpp
configure:12748: $? = 0
configure:12762: g++ -E  conftest.cpp
conftest.cpp:21:10: fatal error: 'ac_nonexistent.h' file not found
#include <ac_nonexistent.h>
         ^
1 error generated.
configure:12762: $? = 1
configure: failed program was:
| /* confdefs.h */
| #define PACKAGE_NAME "libosmscout"
| #define PACKAGE_TARNAME "libosmscout"
| #define PACKAGE_VERSION "0.1"
| #define PACKAGE_STRING "libosmscout 0.1"
| #define PACKAGE_BUGREPORT "tim@teulings.org"
| #define PACKAGE_URL ""
| #define STDC_HEADERS 1
| #define HAVE_SYS_TYPES_H 1
| #define HAVE_SYS_STAT_H 1
| #define HAVE_STDLIB_H 1
| #define HAVE_STRING_H 1
| #define HAVE_MEMORY_H 1
| #define HAVE_STRINGS_H 1
| #define HAVE_INTTYPES_H 1
| #define HAVE_STDINT_H 1
| #define HAVE_UNISTD_H 1
| #define HAVE_DLFCN_H 1
| #define LT_OBJDIR ".libs/"
| /* end confdefs.h.  */
| #include <ac_nonexistent.h>
configure:12787: result: g++ -E
configure:12807: g++ -E  conftest.cpp
configure:12807: $? = 0
configure:12821: g++ -E  conftest.cpp
conftest.cpp:21:10: fatal error: 'ac_nonexistent.h' file not found
#include <ac_nonexistent.h>
         ^
1 error generated.
configure:12821: $? = 1
configure: failed program was:
| /* confdefs.h */
| #define PACKAGE_NAME "libosmscout"
| #define PACKAGE_TARNAME "libosmscout"
| #define PACKAGE_VERSION "0.1"
| #define PACKAGE_STRING "libosmscout 0.1"
| #define PACKAGE_BUGREPORT "tim@teulings.org"
| #define PACKAGE_URL ""
| #define STDC_HEADERS 1
| #define HAVE_SYS_TYPES_H 1
| #define HAVE_SYS_STAT_H 1
| #define HAVE_STDLIB_H 1
| #define HAVE_STRING_H 1
| #define HAVE_MEMORY_H 1
| #define HAVE_STRINGS_H 1
| #define HAVE_INTTYPES_H 1
| #define HAVE_STDINT_H 1
| #define HAVE_UNISTD_H 1
| #define HAVE_DLFCN_H 1
| #define LT_OBJDIR ".libs/"
| /* end confdefs.h.  */
| #include <ac_nonexistent.h>
configure:12990: checking for ld used by g++
configure:13057: result: /Applications/Xcode.app/Contents/Developer/Toolchains/XcodeDefault.xctoolchain/usr/bin/ld
configure:13064: checking if the linker (/Applications/Xcode.app/Contents/Developer/Toolchains/XcodeDefault.xctoolchain/usr/bin/ld) is GNU ld
configure:13079: result: no
configure:13134: checking whether the g++ linker (/Applications/Xcode.app/Contents/Developer/Toolchains/XcodeDefault.xctoolchain/usr/bin/ld) supports shared libraries
configure:14139: result: yes
configure:14175: g++ -c -g -O2  conftest.cpp >&5
configure:14178: $? = 0
configure:14698: checking for g++ option to produce PIC
configure:14705: result: -fno-common -DPIC
configure:14713: checking if g++ PIC flag -fno-common -DPIC works
configure:14731: g++ -c -g -O2  -fno-common -DPIC -DPIC conftest.cpp >&5
configure:14735: $? = 0
configure:14748: result: yes
configure:14771: checking if g++ static flag -static works
configure:14799: result: no
configure:14811: checking if g++ supports -c -o file.o
configure:14832: g++ -c -g -O2  -o out/conftest2.o conftest.cpp >&5
configure:14836: $? = 0
configure:14858: result: yes
configure:14863: checking if g++ supports -c -o file.o
configure:14910: result: yes
configure:14940: checking whether the g++ linker (/Applications/Xcode.app/Contents/Developer/Toolchains/XcodeDefault.xctoolchain/usr/bin/ld) supports shared libraries
configure:14976: result: yes
configure:15117: checking dynamic linker characteristics
configure:15784: result: darwin13.0.0 dyld
configure:15837: checking how to hardcode library paths into programs
configure:15862: result: immediate
configure:15935: : CXXFLAGS="$CXXFLAGS "
configure:15938: $? = 0
configure:15953: checking CXXFLAGS for maximum warnings
configure:15973: g++ -c -g -O2  -warn all  -warn all  conftest.cpp >&5
clang: error: no such file or directory: 'all'
clang: error: no such file or directory: 'all'
configure:15973: $? = 1
configure: failed program was:
| /* confdefs.h */
| #define PACKAGE_NAME "libosmscout"
| #define PACKAGE_TARNAME "libosmscout"
| #define PACKAGE_VERSION "0.1"
| #define PACKAGE_STRING "libosmscout 0.1"
| #define PACKAGE_BUGREPORT "tim@teulings.org"
| #define PACKAGE_URL ""
| #define STDC_HEADERS 1
| #define HAVE_SYS_TYPES_H 1
| #define HAVE_SYS_STAT_H 1
| #define HAVE_STDLIB_H 1
| #define HAVE_STRING_H 1
| #define HAVE_MEMORY_H 1
| #define HAVE_STRINGS_H 1
| #define HAVE_INTTYPES_H 1
| #define HAVE_STDINT_H 1
| #define HAVE_UNISTD_H 1
| #define HAVE_DLFCN_H 1
| #define LT_OBJDIR ".libs/"
| /* end confdefs.h.  */
| 
| int
| main ()
| {
| 
|   ;
|   return 0;
| }
configure:15973: g++ -c -g -O2  -pedantic  -Wall  conftest.cpp >&5
configure:15973: $? = 0
configure:15981: result: -Wall
configure:15997: : CXXFLAGS="$CXXFLAGS $ac_cv_cxxflags_warn_all"
configure:16000: $? = 0
configure:16050: checking whether C++ compiler accepts -std=c++0x
configure:16069: g++ -c -g -O2  -Wall  -std=c++0x  conftest.cpp >&5
configure:16069: $? = 0
configure:16077: result: yes
configure:16089: checking for size_t
configure:16089: g++ -c -g -O2  -Wall  -std=c++0x conftest.cpp >&5
configure:16089: $? = 0
configure:16089: g++ -c -g -O2  -Wall  -std=c++0x conftest.cpp >&5
conftest.cpp:57:21: error: expected expression
if (sizeof ((size_t)))
                    ^
1 error generated.
configure:16089: $? = 1
configure: failed program was:
| /* confdefs.h */
| #define PACKAGE_NAME "libosmscout"
| #define PACKAGE_TARNAME "libosmscout"
| #define PACKAGE_VERSION "0.1"
| #define PACKAGE_STRING "libosmscout 0.1"
| #define PACKAGE_BUGREPORT "tim@teulings.org"
| #define PACKAGE_URL ""
| #define STDC_HEADERS 1
| #define HAVE_SYS_TYPES_H 1
| #define HAVE_SYS_STAT_H 1
| #define HAVE_STDLIB_H 1
| #define HAVE_STRING_H 1
| #define HAVE_MEMORY_H 1
| #define HAVE_STRINGS_H 1
| #define HAVE_INTTYPES_H 1
| #define HAVE_STDINT_H 1
| #define HAVE_UNISTD_H 1
| #define HAVE_DLFCN_H 1
| #define LT_OBJDIR ".libs/"
| /* end confdefs.h.  */
| #include <stdio.h>
| #ifdef HAVE_SYS_TYPES_H
| # include <sys/types.h>
| #endif
| #ifdef HAVE_SYS_STAT_H
| # include <sys/stat.h>
| #endif
| #ifdef STDC_HEADERS
| # include <stdlib.h>
| # include <stddef.h>
| #else
| # ifdef HAVE_STDLIB_H
| #  include <stdlib.h>
| # endif
| #endif
| #ifdef HAVE_STRING_H
| # if !defined STDC_HEADERS && defined HAVE_MEMORY_H
| #  include <memory.h>
| # endif
| # include <string.h>
| #endif
| #ifdef HAVE_STRINGS_H
| # include <strings.h>
| #endif
| #ifdef HAVE_INTTYPES_H
| # include <inttypes.h>
| #endif
| #ifdef HAVE_STDINT_H
| # include <stdint.h>
| #endif
| #ifdef HAVE_UNISTD_H
| # include <unistd.h>
| #endif
| int
| main ()
| {
| if (sizeof ((size_t)))
| 	    return 0;
|   ;
|   return 0;
| }
configure:16089: result: yes
configure:16102: checking for int8_t
configure:16102: g++ -c -g -O2  -Wall  -std=c++0x conftest.cpp >&5
configure:16102: $? = 0
configure:16102: g++ -c -g -O2  -Wall  -std=c++0x conftest.cpp >&5
conftest.cpp:26:21: error: expected expression
if (sizeof ((int8_t)))
                    ^
1 error generated.
configure:16102: $? = 1
configure: failed program was:
| /* confdefs.h */
| #define PACKAGE_NAME "libosmscout"
| #define PACKAGE_TARNAME "libosmscout"
| #define PACKAGE_VERSION "0.1"
| #define PACKAGE_STRING "libosmscout 0.1"
| #define PACKAGE_BUGREPORT "tim@teulings.org"
| #define PACKAGE_URL ""
| #define STDC_HEADERS 1
| #define HAVE_SYS_TYPES_H 1
| #define HAVE_SYS_STAT_H 1
| #define HAVE_STDLIB_H 1
| #define HAVE_STRING_H 1
| #define HAVE_MEMORY_H 1
| #define HAVE_STRINGS_H 1
| #define HAVE_INTTYPES_H 1
| #define HAVE_STDINT_H 1
| #define HAVE_UNISTD_H 1
| #define HAVE_DLFCN_H 1
| #define LT_OBJDIR ".libs/"
| /* end confdefs.h.  */
| #include <stdint.h>
| 
| int
| main ()
| {
| if (sizeof ((int8_t)))
| 	    return 0;
|   ;
|   return 0;
| }
configure:16102: result: yes
configure:16115: checking for uint8_t
configure:16115: g++ -c -g -O2  -Wall  -std=c++0x conftest.cpp >&5
configure:16115: $? = 0
configure:16115: g++ -c -g -O2  -Wall  -std=c++0x conftest.cpp >&5
conftest.cpp:28:22: error: expected expression
if (sizeof ((uint8_t)))
                     ^
1 error generated.
configure:16115: $? = 1
configure: failed program was:
| /* confdefs.h */
| #define PACKAGE_NAME "libosmscout"
| #define PACKAGE_TARNAME "libosmscout"
| #define PACKAGE_VERSION "0.1"
| #define PACKAGE_STRING "libosmscout 0.1"
| #define PACKAGE_BUGREPORT "tim@teulings.org"
| #define PACKAGE_URL ""
| #define STDC_HEADERS 1
| #define HAVE_SYS_TYPES_H 1
| #define HAVE_SYS_STAT_H 1
| #define HAVE_STDLIB_H 1
| #define HAVE_STRING_H 1
| #define HAVE_MEMORY_H 1
| #define HAVE_STRINGS_H 1
| #define HAVE_INTTYPES_H 1
| #define HAVE_STDINT_H 1
| #define HAVE_UNISTD_H 1
| #define HAVE_DLFCN_H 1
| #define LT_OBJDIR ".libs/"
| #define HAVE_INT8_T 1
| #define OSMSCOUT_HAVE_INT8_T 1
| /* end confdefs.h.  */
| #include <stdint.h>
| 
| int
| main ()
| {
| if (sizeof ((uint8_t)))
| 	    return 0;
|   ;
|   return 0;
| }
configure:16115: result: yes
configure:16128: checking for int16_t
configure:16128: g++ -c -g -O2  -Wall  -std=c++0x conftest.cpp >&5
configure:16128: $? = 0
configure:16128: g++ -c -g -O2  -Wall  -std=c++0x conftest.cpp >&5
conftest.cpp:30:22: error: expected expression
if (sizeof ((int16_t)))
                     ^
1 error generated.
configure:16128: $? = 1
configure: failed program was:
| /* confdefs.h */
| #define PACKAGE_NAME "libosmscout"
| #define PACKAGE_TARNAME "libosmscout"
| #define PACKAGE_VERSION "0.1"
| #define PACKAGE_STRING "libosmscout 0.1"
| #define PACKAGE_BUGREPORT "tim@teulings.org"
| #define PACKAGE_URL ""
| #define STDC_HEADERS 1
| #define HAVE_SYS_TYPES_H 1
| #define HAVE_SYS_STAT_H 1
| #define HAVE_STDLIB_H 1
| #define HAVE_STRING_H 1
| #define HAVE_MEMORY_H 1
| #define HAVE_STRINGS_H 1
| #define HAVE_INTTYPES_H 1
| #define HAVE_STDINT_H 1
| #define HAVE_UNISTD_H 1
| #define HAVE_DLFCN_H 1
| #define LT_OBJDIR ".libs/"
| #define HAVE_INT8_T 1
| #define OSMSCOUT_HAVE_INT8_T 1
| #define HAVE_UINT8_T 1
| #define OSMSCOUT_HAVE_UINT8_T 1
| /* end confdefs.h.  */
| #include <stdint.h>
| 
| int
| main ()
| {
| if (sizeof ((int16_t)))
| 	    return 0;
|   ;
|   return 0;
| }
configure:16128: result: yes
configure:16141: checking for uint16_t
configure:16141: g++ -c -g -O2  -Wall  -std=c++0x conftest.cpp >&5
configure:16141: $? = 0
configure:16141: g++ -c -g -O2  -Wall  -std=c++0x conftest.cpp >&5
conftest.cpp:32:23: error: expected expression
if (sizeof ((uint16_t)))
                      ^
1 error generated.
configure:16141: $? = 1
configure: failed program was:
| /* confdefs.h */
| #define PACKAGE_NAME "libosmscout"
| #define PACKAGE_TARNAME "libosmscout"
| #define PACKAGE_VERSION "0.1"
| #define PACKAGE_STRING "libosmscout 0.1"
| #define PACKAGE_BUGREPORT "tim@teulings.org"
| #define PACKAGE_URL ""
| #define STDC_HEADERS 1
| #define HAVE_SYS_TYPES_H 1
| #define HAVE_SYS_STAT_H 1
| #define HAVE_STDLIB_H 1
| #define HAVE_STRING_H 1
| #define HAVE_MEMORY_H 1
| #define HAVE_STRINGS_H 1
| #define HAVE_INTTYPES_H 1
| #define HAVE_STDINT_H 1
| #define HAVE_UNISTD_H 1
| #define HAVE_DLFCN_H 1
| #define LT_OBJDIR ".libs/"
| #define HAVE_INT8_T 1
| #define OSMSCOUT_HAVE_INT8_T 1
| #define HAVE_UINT8_T 1
| #define OSMSCOUT_HAVE_UINT8_T 1
| #define HAVE_INT16_T 1
| #define OSMSCOUT_HAVE_INT16_T 1
| /* end confdefs.h.  */
| #include <stdint.h>
| 
| int
| main ()
| {
| if (sizeof ((uint16_t)))
| 	    return 0;
|   ;
|   return 0;
| }
configure:16141: result: yes
configure:16154: checking for int32_t
configure:16154: g++ -c -g -O2  -Wall  -std=c++0x conftest.cpp >&5
configure:16154: $? = 0
configure:16154: g++ -c -g -O2  -Wall  -std=c++0x conftest.cpp >&5
conftest.cpp:34:22: error: expected expression
if (sizeof ((int32_t)))
                     ^
1 error generated.
configure:16154: $? = 1
configure: failed program was:
| /* confdefs.h */
| #define PACKAGE_NAME "libosmscout"
| #define PACKAGE_TARNAME "libosmscout"
| #define PACKAGE_VERSION "0.1"
| #define PACKAGE_STRING "libosmscout 0.1"
| #define PACKAGE_BUGREPORT "tim@teulings.org"
| #define PACKAGE_URL ""
| #define STDC_HEADERS 1
| #define HAVE_SYS_TYPES_H 1
| #define HAVE_SYS_STAT_H 1
| #define HAVE_STDLIB_H 1
| #define HAVE_STRING_H 1
| #define HAVE_MEMORY_H 1
| #define HAVE_STRINGS_H 1
| #define HAVE_INTTYPES_H 1
| #define HAVE_STDINT_H 1
| #define HAVE_UNISTD_H 1
| #define HAVE_DLFCN_H 1
| #define LT_OBJDIR ".libs/"
| #define HAVE_INT8_T 1
| #define OSMSCOUT_HAVE_INT8_T 1
| #define HAVE_UINT8_T 1
| #define OSMSCOUT_HAVE_UINT8_T 1
| #define HAVE_INT16_T 1
| #define OSMSCOUT_HAVE_INT16_T 1
| #define HAVE_UINT16_T 1
| #define OSMSCOUT_HAVE_UINT16_T 1
| /* end confdefs.h.  */
| #include <stdint.h>
| 
| int
| main ()
| {
| if (sizeof ((int32_t)))
| 	    return 0;
|   ;
|   return 0;
| }
configure:16154: result: yes
configure:16167: checking for uint32_t
configure:16167: g++ -c -g -O2  -Wall  -std=c++0x conftest.cpp >&5
configure:16167: $? = 0
configure:16167: g++ -c -g -O2  -Wall  -std=c++0x conftest.cpp >&5
conftest.cpp:36:23: error: expected expression
if (sizeof ((uint32_t)))
                      ^
1 error generated.
configure:16167: $? = 1
configure: failed program was:
| /* confdefs.h */
| #define PACKAGE_NAME "libosmscout"
| #define PACKAGE_TARNAME "libosmscout"
| #define PACKAGE_VERSION "0.1"
| #define PACKAGE_STRING "libosmscout 0.1"
| #define PACKAGE_BUGREPORT "tim@teulings.org"
| #define PACKAGE_URL ""
| #define STDC_HEADERS 1
| #define HAVE_SYS_TYPES_H 1
| #define HAVE_SYS_STAT_H 1
| #define HAVE_STDLIB_H 1
| #define HAVE_STRING_H 1
| #define HAVE_MEMORY_H 1
| #define HAVE_STRINGS_H 1
| #define HAVE_INTTYPES_H 1
| #define HAVE_STDINT_H 1
| #define HAVE_UNISTD_H 1
| #define HAVE_DLFCN_H 1
| #define LT_OBJDIR ".libs/"
| #define HAVE_INT8_T 1
| #define OSMSCOUT_HAVE_INT8_T 1
| #define HAVE_UINT8_T 1
| #define OSMSCOUT_HAVE_UINT8_T 1
| #define HAVE_INT16_T 1
| #define OSMSCOUT_HAVE_INT16_T 1
| #define HAVE_UINT16_T 1
| #define OSMSCOUT_HAVE_UINT16_T 1
| #define HAVE_INT32_T 1
| #define OSMSCOUT_HAVE_INT32_T 1
| /* end confdefs.h.  */
| #include <stdint.h>
| 
| int
| main ()
| {
| if (sizeof ((uint32_t)))
| 	    return 0;
|   ;
|   return 0;
| }
configure:16167: result: yes
configure:16180: checking for int64_t
configure:16180: g++ -c -g -O2  -Wall  -std=c++0x conftest.cpp >&5
configure:16180: $? = 0
configure:16180: g++ -c -g -O2  -Wall  -std=c++0x conftest.cpp >&5
conftest.cpp:38:22: error: expected expression
if (sizeof ((int64_t)))
                     ^
1 error generated.
configure:16180: $? = 1
configure: failed program was:
| /* confdefs.h */
| #define PACKAGE_NAME "libosmscout"
| #define PACKAGE_TARNAME "libosmscout"
| #define PACKAGE_VERSION "0.1"
| #define PACKAGE_STRING "libosmscout 0.1"
| #define PACKAGE_BUGREPORT "tim@teulings.org"
| #define PACKAGE_URL ""
| #define STDC_HEADERS 1
| #define HAVE_SYS_TYPES_H 1
| #define HAVE_SYS_STAT_H 1
| #define HAVE_STDLIB_H 1
| #define HAVE_STRING_H 1
| #define HAVE_MEMORY_H 1
| #define HAVE_STRINGS_H 1
| #define HAVE_INTTYPES_H 1
| #define HAVE_STDINT_H 1
| #define HAVE_UNISTD_H 1
| #define HAVE_DLFCN_H 1
| #define LT_OBJDIR ".libs/"
| #define HAVE_INT8_T 1
| #define OSMSCOUT_HAVE_INT8_T 1
| #define HAVE_UINT8_T 1
| #define OSMSCOUT_HAVE_UINT8_T 1
| #define HAVE_INT16_T 1
| #define OSMSCOUT_HAVE_INT16_T 1
| #define HAVE_UINT16_T 1
| #define OSMSCOUT_HAVE_UINT16_T 1
| #define HAVE_INT32_T 1
| #define OSMSCOUT_HAVE_INT32_T 1
| #define HAVE_UINT32_T 1
| #define OSMSCOUT_HAVE_UINT32_T 1
| /* end confdefs.h.  */
| #include <stdint.h>
| 
| int
| main ()
| {
| if (sizeof ((int64_t)))
| 	    return 0;
|   ;
|   return 0;
| }
configure:16180: result: yes
configure:16193: checking for uint64_t
configure:16193: g++ -c -g -O2  -Wall  -std=c++0x conftest.cpp >&5
configure:16193: $? = 0
configure:16193: g++ -c -g -O2  -Wall  -std=c++0x conftest.cpp >&5
conftest.cpp:40:23: error: expected expression
if (sizeof ((uint64_t)))
                      ^
1 error generated.
configure:16193: $? = 1
configure: failed program was:
| /* confdefs.h */
| #define PACKAGE_NAME "libosmscout"
| #define PACKAGE_TARNAME "libosmscout"
| #define PACKAGE_VERSION "0.1"
| #define PACKAGE_STRING "libosmscout 0.1"
| #define PACKAGE_BUGREPORT "tim@teulings.org"
| #define PACKAGE_URL ""
| #define STDC_HEADERS 1
| #define HAVE_SYS_TYPES_H 1
| #define HAVE_SYS_STAT_H 1
| #define HAVE_STDLIB_H 1
| #define HAVE_STRING_H 1
| #define HAVE_MEMORY_H 1
| #define HAVE_STRINGS_H 1
| #define HAVE_INTTYPES_H 1
| #define HAVE_STDINT_H 1
| #define HAVE_UNISTD_H 1
| #define HAVE_DLFCN_H 1
| #define LT_OBJDIR ".libs/"
| #define HAVE_INT8_T 1
| #define OSMSCOUT_HAVE_INT8_T 1
| #define HAVE_UINT8_T 1
| #define OSMSCOUT_HAVE_UINT8_T 1
| #define HAVE_INT16_T 1
| #define OSMSCOUT_HAVE_INT16_T 1
| #define HAVE_UINT16_T 1
| #define OSMSCOUT_HAVE_UINT16_T 1
| #define HAVE_INT32_T 1
| #define OSMSCOUT_HAVE_INT32_T 1
| #define HAVE_UINT32_T 1
| #define OSMSCOUT_HAVE_UINT32_T 1
| #define HAVE_INT64_T 1
| #define OSMSCOUT_HAVE_INT64_T 1
| /* end confdefs.h.  */
| #include <stdint.h>
| 
| int
| main ()
| {
| if (sizeof ((uint64_t)))
| 	    return 0;
|   ;
|   return 0;
| }
configure:16193: result: yes
configure:16208: checking for std::wstring
configure:16208: g++ -c -g -O2  -Wall  -std=c++0x conftest.cpp >&5
configure:16208: $? = 0
configure:16208: g++ -c -g -O2  -Wall  -std=c++0x conftest.cpp >&5
conftest.cpp:42:27: error: expected expression
if (sizeof ((std::wstring)))
                          ^
1 error generated.
configure:16208: $? = 1
configure: failed program was:
| /* confdefs.h */
| #define PACKAGE_NAME "libosmscout"
| #define PACKAGE_TARNAME "libosmscout"
| #define PACKAGE_VERSION "0.1"
| #define PACKAGE_STRING "libosmscout 0.1"
| #define PACKAGE_BUGREPORT "tim@teulings.org"
| #define PACKAGE_URL ""
| #define STDC_HEADERS 1
| #define HAVE_SYS_TYPES_H 1
| #define HAVE_SYS_STAT_H 1
| #define HAVE_STDLIB_H 1
| #define HAVE_STRING_H 1
| #define HAVE_MEMORY_H 1
| #define HAVE_STRINGS_H 1
| #define HAVE_INTTYPES_H 1
| #define HAVE_STDINT_H 1
| #define HAVE_UNISTD_H 1
| #define HAVE_DLFCN_H 1
| #define LT_OBJDIR ".libs/"
| #define HAVE_INT8_T 1
| #define OSMSCOUT_HAVE_INT8_T 1
| #define HAVE_UINT8_T 1
| #define OSMSCOUT_HAVE_UINT8_T 1
| #define HAVE_INT16_T 1
| #define OSMSCOUT_HAVE_INT16_T 1
| #define HAVE_UINT16_T 1
| #define OSMSCOUT_HAVE_UINT16_T 1
| #define HAVE_INT32_T 1
| #define OSMSCOUT_HAVE_INT32_T 1
| #define HAVE_UINT32_T 1
| #define OSMSCOUT_HAVE_UINT32_T 1
| #define HAVE_INT64_T 1
| #define OSMSCOUT_HAVE_INT64_T 1
| #define HAVE_UINT64_T 1
| #define OSMSCOUT_HAVE_UINT64_T 1
| /* end confdefs.h.  */
| #include <string>
| 
| int
| main ()
| {
| if (sizeof ((std::wstring)))
| 	    return 0;
|   ;
|   return 0;
| }
configure:16208: result: yes
configure:16225: checking size of wchar_t
configure:16230: g++ -o conftest -g -O2  -Wall  -std=c++0x  conftest.cpp  >&5
configure:16230: $? = 0
configure:16230: ./conftest
configure:16230: $? = 0
configure:16244: result: 4
configure:16259: checking fcntl.h usability
configure:16259: g++ -c -g -O2  -Wall  -std=c++0x conftest.cpp >&5
configure:16259: $? = 0
configure:16259: result: yes
configure:16259: checking fcntl.h presence
configure:16259: g++ -E  -std=c++0x conftest.cpp
configure:16259: $? = 0
configure:16259: result: yes
configure:16259: checking for fcntl.h
configure:16259: result: yes
configure:16259: checking sys/time.h usability
configure:16259: g++ -c -g -O2  -Wall  -std=c++0x conftest.cpp >&5
configure:16259: $? = 0
configure:16259: result: yes
configure:16259: checking sys/time.h presence
configure:16259: g++ -E  -std=c++0x conftest.cpp
configure:16259: $? = 0
configure:16259: result: yes
configure:16259: checking for sys/time.h
configure:16259: result: yes
configure:16273: checking unordered_map usability
configure:16273: g++ -c -g -O2  -Wall  -std=c++0x conftest.cpp >&5
configure:16273: $? = 0
configure:16273: result: yes
configure:16273: checking unordered_map presence
configure:16273: g++ -E  -std=c++0x conftest.cpp
configure:16273: $? = 0
configure:16273: result: yes
configure:16273: checking for unordered_map
configure:16273: result: yes
configure:16287: checking unordered_set usability
configure:16287: g++ -c -g -O2  -Wall  -std=c++0x conftest.cpp >&5
configure:16287: $? = 0
configure:16287: result: yes
configure:16287: checking unordered_set presence
configure:16287: g++ -E  -std=c++0x conftest.cpp
configure:16287: $? = 0
configure:16287: result: yes
configure:16287: checking for unordered_set
configure:16287: result: yes
configure:16306: checking thread usability
configure:16306: g++ -c -g -O2  -Wall  -std=c++0x conftest.cpp >&5
configure:16306: $? = 0
configure:16306: result: yes
configure:16306: checking thread presence
configure:16306: g++ -E  -std=c++0x conftest.cpp
configure:16306: $? = 0
configure:16306: result: yes
configure:16306: checking for thread
configure:16306: result: yes
configure:16320: checking if C++ include <atomic> is usable
configure:16333: g++ -c -g -O2  -Wall  -std=c++0x conftest.cpp >&5
conftest.cpp:52:18: warning: unused variable 'atomBoolValue' [-Wunused-variable]
std::atomic_bool atomBoolValue;
                 ^
1 warning generated.
configure:16333: $? = 0
configure:16334: result: yes
configure:16345: checking if C++ include <mutex> is usable
configure:16358: g++ -c -g -O2  -Wall  -std=c++0x conftest.cpp >&5
configure:16358: $? = 0
configure:16359: result: yes
configure:16370: checking for library containing sqrt
configure:16401: g++ -o conftest -g -O2  -Wall  -std=c++0x  conftest.cpp  >&5
configure:16401: $? = 0
configure:16418: result: none required
configure:16427: checking if C++ include <cassert> defines assert() without namespace
configure:16440: g++ -c -g -O2  -Wall  -std=c++0x conftest.cpp >&5
configure:16440: $? = 0
configure:16441: result: yes
configure:16452: checking if C++ include <cmath> defines C math symbols, too
configure:16465: g++ -c -g -O2  -Wall  -std=c++0x conftest.cpp >&5
conftest.cpp:52:1: warning: ignoring return value of function declared with const attribute [-Wunused-value]
sin(1);
^~~ ~
1 warning generated.
configure:16465: $? = 0
configure:16466: result: yes
configure:16478: checking whether log2 is declared
configure:16478: g++ -c -g -O2  -Wall  -std=c++0x conftest.cpp >&5
configure:16478: $? = 0
configure:16478: result: yes
configure:16492: checking whether atanh is declared
configure:16492: g++ -c -g -O2  -Wall  -std=c++0x conftest.cpp >&5
configure:16492: $? = 0
configure:16492: result: yes
configure:16506: checking whether lround is declared
configure:16506: g++ -c -g -O2  -Wall  -std=c++0x conftest.cpp >&5
configure:16506: $? = 0
configure:16506: result: yes
configure:16522: checking for mmap
configure:16522: g++ -o conftest -g -O2  -Wall  -std=c++0x  conftest.cpp  >&5
configure:16522: $? = 0
configure:16522: result: yes
configure:16522: checking for posix_fadvise
configure:16522: g++ -o conftest -g -O2  -Wall  -std=c++0x  conftest.cpp  >&5
Undefined symbols for architecture x86_64:
  "_posix_fadvise", referenced from:
      _main in conftest-nSaOhO.o
ld: symbol(s) not found for architecture x86_64
clang: error: linker command failed with exit code 1 (use -v to see invocation)
configure:16522: $? = 1
configure: failed program was:
| /* confdefs.h */
| #define PACKAGE_NAME "libosmscout"
| #define PACKAGE_TARNAME "libosmscout"
| #define PACKAGE_VERSION "0.1"
| #define PACKAGE_STRING "libosmscout 0.1"
| #define PACKAGE_BUGREPORT "tim@teulings.org"
| #define PACKAGE_URL ""
| #define STDC_HEADERS 1
| #define HAVE_SYS_TYPES_H 1
| #define HAVE_SYS_STAT_H 1
| #define HAVE_STDLIB_H 1
| #define HAVE_STRING_H 1
| #define HAVE_MEMORY_H 1
| #define HAVE_STRINGS_H 1
| #define HAVE_INTTYPES_H 1
| #define HAVE_STDINT_H 1
| #define HAVE_UNISTD_H 1
| #define HAVE_DLFCN_H 1
| #define LT_OBJDIR ".libs/"
| #define HAVE_INT8_T 1
| #define OSMSCOUT_HAVE_INT8_T 1
| #define HAVE_UINT8_T 1
| #define OSMSCOUT_HAVE_UINT8_T 1
| #define HAVE_INT16_T 1
| #define OSMSCOUT_HAVE_INT16_T 1
| #define HAVE_UINT16_T 1
| #define OSMSCOUT_HAVE_UINT16_T 1
| #define HAVE_INT32_T 1
| #define OSMSCOUT_HAVE_INT32_T 1
| #define HAVE_UINT32_T 1
| #define OSMSCOUT_HAVE_UINT32_T 1
| #define HAVE_INT64_T 1
| #define OSMSCOUT_HAVE_INT64_T 1
| #define HAVE_UINT64_T 1
| #define OSMSCOUT_HAVE_UINT64_T 1
| #define HAVE_STD__WSTRING 1
| #define OSMSCOUT_HAVE_STD_WSTRING 1
| #define SIZEOF_WCHAR_T 4
| #define HAVE_FCNTL_H 1
| #define HAVE_SYS_TIME_H 1
| #define HAVE_UNORDERED_MAP 1
| #define OSMSCOUT_HAVE_UNORDERED_MAP 1
| #define HAVE_UNORDERED_SET 1
| #define OSMSCOUT_HAVE_UNORDERED_SET 1
| #define HAVE_THREAD 1
| #define OSMSCOUT_HAVE_THREAD 1
| #define OSMSCOUT_HAVE_LOG2 1
| #define OSMSCOUT_HAVE_ATANH 1
| #define OSMSCOUT_HAVE_LROUND 1
| #define HAVE_MMAP 1
| /* end confdefs.h.  */
| /* Define posix_fadvise to an innocuous variant, in case <limits.h> declares posix_fadvise.
|    For example, HP-UX 11i <limits.h> declares gettimeofday.  */
| #define posix_fadvise innocuous_posix_fadvise
| 
| /* System header to define __stub macros and hopefully few prototypes,
|     which can conflict with char posix_fadvise (); below.
|     Prefer <limits.h> to <assert.h> if __STDC__ is defined, since
|     <limits.h> exists even on freestanding compilers.  */
| 
| #ifdef __STDC__
| # include <limits.h>
| #else
| # include <assert.h>
| #endif
| 
| #undef posix_fadvise
| 
| /* Override any GCC internal prototype to avoid an error.
|    Use char because int might match the return type of a GCC
|    builtin and then its argument prototype would still apply.  */
| #ifdef __cplusplus
| extern "C"
| #endif
| char posix_fadvise ();
| /* The GNU C library defines this for functions which it implements
|     to always fail with ENOSYS.  Some functions are actually named
|     something starting with __ and the normal name is an alias.  */
| #if defined __stub_posix_fadvise || defined __stub___posix_fadvise
| choke me
| #endif
| 
| int
| main ()
| {
| return posix_fadvise ();
|   ;
|   return 0;
| }
configure:16522: result: no
configure:16522: checking for posix_madvise
configure:16522: g++ -o conftest -g -O2  -Wall  -std=c++0x  conftest.cpp  >&5
configure:16522: $? = 0
configure:16522: result: yes
configure:16539: checking for special C compiler options needed for large files
configure:16584: result: no
configure:16590: checking for _FILE_OFFSET_BITS value needed for large files
configure:16615: g++ -c -g -O2  -Wall  -std=c++0x conftest.cpp >&5
configure:16615: $? = 0
configure:16647: result: no
configure:16732: checking for _LARGEFILE_SOURCE value needed for large files
configure:16751: g++ -o conftest -g -O2  -Wall  -std=c++0x  conftest.cpp  >&5
configure:16751: $? = 0
configure:16779: result: no
configure:16809: checking for x86 cpuid  output
configure:16838: gcc -o conftest -g -O2  -std=c++0x  conftest.c  >&5
error: invalid argument '-std=c++0x' not allowed with 'C/ObjC'
configure:16838: $? = 1
configure: program exited with status 1
configure: failed program was:
| /* confdefs.h */
| #define PACKAGE_NAME "libosmscout"
| #define PACKAGE_TARNAME "libosmscout"
| #define PACKAGE_VERSION "0.1"
| #define PACKAGE_STRING "libosmscout 0.1"
| #define PACKAGE_BUGREPORT "tim@teulings.org"
| #define PACKAGE_URL ""
| #define STDC_HEADERS 1
| #define HAVE_SYS_TYPES_H 1
| #define HAVE_SYS_STAT_H 1
| #define HAVE_STDLIB_H 1
| #define HAVE_STRING_H 1
| #define HAVE_MEMORY_H 1
| #define HAVE_STRINGS_H 1
| #define HAVE_INTTYPES_H 1
| #define HAVE_STDINT_H 1
| #define HAVE_UNISTD_H 1
| #define HAVE_DLFCN_H 1
| #define LT_OBJDIR ".libs/"
| #define HAVE_INT8_T 1
| #define OSMSCOUT_HAVE_INT8_T 1
| #define HAVE_UINT8_T 1
| #define OSMSCOUT_HAVE_UINT8_T 1
| #define HAVE_INT16_T 1
| #define OSMSCOUT_HAVE_INT16_T 1
| #define HAVE_UINT16_T 1
| #define OSMSCOUT_HAVE_UINT16_T 1
| #define HAVE_INT32_T 1
| #define OSMSCOUT_HAVE_INT32_T 1
| #define HAVE_UINT32_T 1
| #define OSMSCOUT_HAVE_UINT32_T 1
| #define HAVE_INT64_T 1
| #define OSMSCOUT_HAVE_INT64_T 1
| #define HAVE_UINT64_T 1
| #define OSMSCOUT_HAVE_UINT64_T 1
| #define HAVE_STD__WSTRING 1
| #define OSMSCOUT_HAVE_STD_WSTRING 1
| #define SIZEOF_WCHAR_T 4
| #define HAVE_FCNTL_H 1
| #define HAVE_SYS_TIME_H 1
| #define HAVE_UNORDERED_MAP 1
| #define OSMSCOUT_HAVE_UNORDERED_MAP 1
| #define HAVE_UNORDERED_SET 1
| #define OSMSCOUT_HAVE_UNORDERED_SET 1
| #define HAVE_THREAD 1
| #define OSMSCOUT_HAVE_THREAD 1
| #define OSMSCOUT_HAVE_LOG2 1
| #define OSMSCOUT_HAVE_ATANH 1
| #define OSMSCOUT_HAVE_LROUND 1
| #define HAVE_MMAP 1
| #define HAVE_POSIX_MADVISE 1
| #define HAVE_FSEEKO 1
| /* end confdefs.h.  */
| #include <stdio.h>
| int
| main ()
| {
| 
|      int op = , eax, ebx, ecx, edx;
|      FILE *f;
|       __asm__("cpuid"
|         : "=a" (eax), "=b" (ebx), "=c" (ecx), "=d" (edx)
|         : "a" (op));
|      f = fopen("conftest_cpuid", "w"); if (!f) return 1;
|      fprintf(f, "%x:%x:%x:%x\n", eax, ebx, ecx, edx);
|      fclose(f);
|      return 0;
| 
|   ;
|   return 0;
| }
configure:16848: result: unknown
configure:16864: checking for x86-AVX xgetbv  output
configure:16894: gcc -o conftest -g -O2  -std=c++0x  conftest.c  >&5
error: invalid argument '-std=c++0x' not allowed with 'C/ObjC'
configure:16894: $? = 1
configure: program exited with status 1
configure: failed program was:
| /* confdefs.h */
| #define PACKAGE_NAME "libosmscout"
| #define PACKAGE_TARNAME "libosmscout"
| #define PACKAGE_VERSION "0.1"
| #define PACKAGE_STRING "libosmscout 0.1"
| #define PACKAGE_BUGREPORT "tim@teulings.org"
| #define PACKAGE_URL ""
| #define STDC_HEADERS 1
| #define HAVE_SYS_TYPES_H 1
| #define HAVE_SYS_STAT_H 1
| #define HAVE_STDLIB_H 1
| #define HAVE_STRING_H 1
| #define HAVE_MEMORY_H 1
| #define HAVE_STRINGS_H 1
| #define HAVE_INTTYPES_H 1
| #define HAVE_STDINT_H 1
| #define HAVE_UNISTD_H 1
| #define HAVE_DLFCN_H 1
| #define LT_OBJDIR ".libs/"
| #define HAVE_INT8_T 1
| #define OSMSCOUT_HAVE_INT8_T 1
| #define HAVE_UINT8_T 1
| #define OSMSCOUT_HAVE_UINT8_T 1
| #define HAVE_INT16_T 1
| #define OSMSCOUT_HAVE_INT16_T 1
| #define HAVE_UINT16_T 1
| #define OSMSCOUT_HAVE_UINT16_T 1
| #define HAVE_INT32_T 1
| #define OSMSCOUT_HAVE_INT32_T 1
| #define HAVE_UINT32_T 1
| #define OSMSCOUT_HAVE_UINT32_T 1
| #define HAVE_INT64_T 1
| #define OSMSCOUT_HAVE_INT64_T 1
| #define HAVE_UINT64_T 1
| #define OSMSCOUT_HAVE_UINT64_T 1
| #define HAVE_STD__WSTRING 1
| #define OSMSCOUT_HAVE_STD_WSTRING 1
| #define SIZEOF_WCHAR_T 4
| #define HAVE_FCNTL_H 1
| #define HAVE_SYS_TIME_H 1
| #define HAVE_UNORDERED_MAP 1
| #define OSMSCOUT_HAVE_UNORDERED_MAP 1
| #define HAVE_UNORDERED_SET 1
| #define OSMSCOUT_HAVE_UNORDERED_SET 1
| #define HAVE_THREAD 1
| #define OSMSCOUT_HAVE_THREAD 1
| #define OSMSCOUT_HAVE_LOG2 1
| #define OSMSCOUT_HAVE_ATANH 1
| #define OSMSCOUT_HAVE_LROUND 1
| #define HAVE_MMAP 1
| #define HAVE_POSIX_MADVISE 1
| #define HAVE_FSEEKO 1
| /* end confdefs.h.  */
| #include <stdio.h>
| int
| main ()
| {
| 
|      int op = , eax, edx;
|      FILE *f;
|       /* Opcodes for xgetbv */
|       __asm__(".byte 0x0f, 0x01, 0xd0"
|         : "=a" (eax), "=d" (edx)
|         : "c" (op));
|      f = fopen("conftest_xgetbv", "w"); if (!f) return 1;
|      fprintf(f, "%x:%x\n", eax, edx);
|      fclose(f);
|      return 0;
| 
|   ;
|   return 0;
| }
configure:16904: result: unknown
configure:17633: checking for OpenMP flag of C++ compiler
configure:17673: g++ -o conftest -g -O2  -Wall -fopenmp  -std=c++0x  conftest.cpp  >&5
conftest.cpp:66:11: warning: unknown pragma ignored [-Wunknown-pragmas]
  #pragma omp parallel for
          ^
1 warning generated.
ld: library not found for -lgomp
clang: error: linker command failed with exit code 1 (use -v to see invocation)
configure:17673: $? = 1
configure: failed program was:
| /* confdefs.h */
| #define PACKAGE_NAME "libosmscout"
| #define PACKAGE_TARNAME "libosmscout"
| #define PACKAGE_VERSION "0.1"
| #define PACKAGE_STRING "libosmscout 0.1"
| #define PACKAGE_BUGREPORT "tim@teulings.org"
| #define PACKAGE_URL ""
| #define STDC_HEADERS 1
| #define HAVE_SYS_TYPES_H 1
| #define HAVE_SYS_STAT_H 1
| #define HAVE_STDLIB_H 1
| #define HAVE_STRING_H 1
| #define HAVE_MEMORY_H 1
| #define HAVE_STRINGS_H 1
| #define HAVE_INTTYPES_H 1
| #define HAVE_STDINT_H 1
| #define HAVE_UNISTD_H 1
| #define HAVE_DLFCN_H 1
| #define LT_OBJDIR ".libs/"
| #define HAVE_INT8_T 1
| #define OSMSCOUT_HAVE_INT8_T 1
| #define HAVE_UINT8_T 1
| #define OSMSCOUT_HAVE_UINT8_T 1
| #define HAVE_INT16_T 1
| #define OSMSCOUT_HAVE_INT16_T 1
| #define HAVE_UINT16_T 1
| #define OSMSCOUT_HAVE_UINT16_T 1
| #define HAVE_INT32_T 1
| #define OSMSCOUT_HAVE_INT32_T 1
| #define HAVE_UINT32_T 1
| #define OSMSCOUT_HAVE_UINT32_T 1
| #define HAVE_INT64_T 1
| #define OSMSCOUT_HAVE_INT64_T 1
| #define HAVE_UINT64_T 1
| #define OSMSCOUT_HAVE_UINT64_T 1
| #define HAVE_STD__WSTRING 1
| #define OSMSCOUT_HAVE_STD_WSTRING 1
| #define SIZEOF_WCHAR_T 4
| #define HAVE_FCNTL_H 1
| #define HAVE_SYS_TIME_H 1
| #define HAVE_UNORDERED_MAP 1
| #define OSMSCOUT_HAVE_UNORDERED_MAP 1
| #define HAVE_UNORDERED_SET 1
| #define OSMSCOUT_HAVE_UNORDERED_SET 1
| #define HAVE_THREAD 1
| #define OSMSCOUT_HAVE_THREAD 1
| #define OSMSCOUT_HAVE_LOG2 1
| #define OSMSCOUT_HAVE_ATANH 1
| #define OSMSCOUT_HAVE_LROUND 1
| #define HAVE_MMAP 1
| #define HAVE_POSIX_MADVISE 1
| #define HAVE_FSEEKO 1
| /* end confdefs.h.  */
| #ifdef __cplusplus
| extern "C"
| #endif
| void omp_set_num_threads(int);
| int
| main ()
| {
| const int N = 100000;
|   int i, arr[N];
| 
|   omp_set_num_threads(2);
| 
|   #pragma omp parallel for
|   for (i = 0; i < N; i++) {
|     arr[i] = i;
|   }
|   ;
|   return 0;
| }
configure:17673: g++ -o conftest -g -O2  -Wall -openmp  -std=c++0x  conftest.cpp  >&5
conftest.cpp:66:11: warning: unknown pragma ignored [-Wunknown-pragmas]
  #pragma omp parallel for
          ^
1 warning generated.
Undefined symbols for architecture x86_64:
  "_omp_set_num_threads", referenced from:
      _main in conftest-WznfIg.o
ld: symbol(s) not found for architecture x86_64
clang: error: linker command failed with exit code 1 (use -v to see invocation)
configure:17673: $? = 1
configure: failed program was:
| /* confdefs.h */
| #define PACKAGE_NAME "libosmscout"
| #define PACKAGE_TARNAME "libosmscout"
| #define PACKAGE_VERSION "0.1"
| #define PACKAGE_STRING "libosmscout 0.1"
| #define PACKAGE_BUGREPORT "tim@teulings.org"
| #define PACKAGE_URL ""
| #define STDC_HEADERS 1
| #define HAVE_SYS_TYPES_H 1
| #define HAVE_SYS_STAT_H 1
| #define HAVE_STDLIB_H 1
| #define HAVE_STRING_H 1
| #define HAVE_MEMORY_H 1
| #define HAVE_STRINGS_H 1
| #define HAVE_INTTYPES_H 1
| #define HAVE_STDINT_H 1
| #define HAVE_UNISTD_H 1
| #define HAVE_DLFCN_H 1
| #define LT_OBJDIR ".libs/"
| #define HAVE_INT8_T 1
| #define OSMSCOUT_HAVE_INT8_T 1
| #define HAVE_UINT8_T 1
| #define OSMSCOUT_HAVE_UINT8_T 1
| #define HAVE_INT16_T 1
| #define OSMSCOUT_HAVE_INT16_T 1
| #define HAVE_UINT16_T 1
| #define OSMSCOUT_HAVE_UINT16_T 1
| #define HAVE_INT32_T 1
| #define OSMSCOUT_HAVE_INT32_T 1
| #define HAVE_UINT32_T 1
| #define OSMSCOUT_HAVE_UINT32_T 1
| #define HAVE_INT64_T 1
| #define OSMSCOUT_HAVE_INT64_T 1
| #define HAVE_UINT64_T 1
| #define OSMSCOUT_HAVE_UINT64_T 1
| #define HAVE_STD__WSTRING 1
| #define OSMSCOUT_HAVE_STD_WSTRING 1
| #define SIZEOF_WCHAR_T 4
| #define HAVE_FCNTL_H 1
| #define HAVE_SYS_TIME_H 1
| #define HAVE_UNORDERED_MAP 1
| #define OSMSCOUT_HAVE_UNORDERED_MAP 1
| #define HAVE_UNORDERED_SET 1
| #define OSMSCOUT_HAVE_UNORDERED_SET 1
| #define HAVE_THREAD 1
| #define OSMSCOUT_HAVE_THREAD 1
| #define OSMSCOUT_HAVE_LOG2 1
| #define OSMSCOUT_HAVE_ATANH 1
| #define OSMSCOUT_HAVE_LROUND 1
| #define HAVE_MMAP 1
| #define HAVE_POSIX_MADVISE 1
| #define HAVE_FSEEKO 1
| /* end confdefs.h.  */
| #ifdef __cplusplus
| extern "C"
| #endif
| void omp_set_num_threads(int);
| int
| main ()
| {
| const int N = 100000;
|   int i, arr[N];
| 
|   omp_set_num_threads(2);
| 
|   #pragma omp parallel for
|   for (i = 0; i < N; i++) {
|     arr[i] = i;
|   }
|   ;
|   return 0;
| }
configure:17673: g++ -o conftest -g -O2  -Wall -mp  -std=c++0x  conftest.cpp  >&5
clang: warning: argument unused during compilation: '-mp'
conftest.cpp:66:11: warning: unknown pragma ignored [-Wunknown-pragmas]
  #pragma omp parallel for
          ^
1 warning generated.
Undefined symbols for architecture x86_64:
  "_omp_set_num_threads", referenced from:
      _main in conftest-dSmCcb.o
ld: symbol(s) not found for architecture x86_64
clang: error: linker command failed with exit code 1 (use -v to see invocation)
configure:17673: $? = 1
configure: failed program was:
| /* confdefs.h */
| #define PACKAGE_NAME "libosmscout"
| #define PACKAGE_TARNAME "libosmscout"
| #define PACKAGE_VERSION "0.1"
| #define PACKAGE_STRING "libosmscout 0.1"
| #define PACKAGE_BUGREPORT "tim@teulings.org"
| #define PACKAGE_URL ""
| #define STDC_HEADERS 1
| #define HAVE_SYS_TYPES_H 1
| #define HAVE_SYS_STAT_H 1
| #define HAVE_STDLIB_H 1
| #define HAVE_STRING_H 1
| #define HAVE_MEMORY_H 1
| #define HAVE_STRINGS_H 1
| #define HAVE_INTTYPES_H 1
| #define HAVE_STDINT_H 1
| #define HAVE_UNISTD_H 1
| #define HAVE_DLFCN_H 1
| #define LT_OBJDIR ".libs/"
| #define HAVE_INT8_T 1
| #define OSMSCOUT_HAVE_INT8_T 1
| #define HAVE_UINT8_T 1
| #define OSMSCOUT_HAVE_UINT8_T 1
| #define HAVE_INT16_T 1
| #define OSMSCOUT_HAVE_INT16_T 1
| #define HAVE_UINT16_T 1
| #define OSMSCOUT_HAVE_UINT16_T 1
| #define HAVE_INT32_T 1
| #define OSMSCOUT_HAVE_INT32_T 1
| #define HAVE_UINT32_T 1
| #define OSMSCOUT_HAVE_UINT32_T 1
| #define HAVE_INT64_T 1
| #define OSMSCOUT_HAVE_INT64_T 1
| #define HAVE_UINT64_T 1
| #define OSMSCOUT_HAVE_UINT64_T 1
| #define HAVE_STD__WSTRING 1
| #define OSMSCOUT_HAVE_STD_WSTRING 1
| #define SIZEOF_WCHAR_T 4
| #define HAVE_FCNTL_H 1
| #define HAVE_SYS_TIME_H 1
| #define HAVE_UNORDERED_MAP 1
| #define OSMSCOUT_HAVE_UNORDERED_MAP 1
| #define HAVE_UNORDERED_SET 1
| #define OSMSCOUT_HAVE_UNORDERED_SET 1
| #define HAVE_THREAD 1
| #define OSMSCOUT_HAVE_THREAD 1
| #define OSMSCOUT_HAVE_LOG2 1
| #define OSMSCOUT_HAVE_ATANH 1
| #define OSMSCOUT_HAVE_LROUND 1
| #define HAVE_MMAP 1
| #define HAVE_POSIX_MADVISE 1
| #define HAVE_FSEEKO 1
| /* end confdefs.h.  */
| #ifdef __cplusplus
| extern "C"
| #endif
| void omp_set_num_threads(int);
| int
| main ()
| {
| const int N = 100000;
|   int i, arr[N];
| 
|   omp_set_num_threads(2);
| 
|   #pragma omp parallel for
|   for (i = 0; i < N; i++) {
|     arr[i] = i;
|   }
|   ;
|   return 0;
| }
configure:17673: g++ -o conftest -g -O2  -Wall -xopenmp  -std=c++0x  conftest.cpp  >&5
clang: error: language not recognized: 'openmp'
configure:17673: $? = 1
configure: failed program was:
| /* confdefs.h */
| #define PACKAGE_NAME "libosmscout"
| #define PACKAGE_TARNAME "libosmscout"
| #define PACKAGE_VERSION "0.1"
| #define PACKAGE_STRING "libosmscout 0.1"
| #define PACKAGE_BUGREPORT "tim@teulings.org"
| #define PACKAGE_URL ""
| #define STDC_HEADERS 1
| #define HAVE_SYS_TYPES_H 1
| #define HAVE_SYS_STAT_H 1
| #define HAVE_STDLIB_H 1
| #define HAVE_STRING_H 1
| #define HAVE_MEMORY_H 1
| #define HAVE_STRINGS_H 1
| #define HAVE_INTTYPES_H 1
| #define HAVE_STDINT_H 1
| #define HAVE_UNISTD_H 1
| #define HAVE_DLFCN_H 1
| #define LT_OBJDIR ".libs/"
| #define HAVE_INT8_T 1
| #define OSMSCOUT_HAVE_INT8_T 1
| #define HAVE_UINT8_T 1
| #define OSMSCOUT_HAVE_UINT8_T 1
| #define HAVE_INT16_T 1
| #define OSMSCOUT_HAVE_INT16_T 1
| #define HAVE_UINT16_T 1
| #define OSMSCOUT_HAVE_UINT16_T 1
| #define HAVE_INT32_T 1
| #define OSMSCOUT_HAVE_INT32_T 1
| #define HAVE_UINT32_T 1
| #define OSMSCOUT_HAVE_UINT32_T 1
| #define HAVE_INT64_T 1
| #define OSMSCOUT_HAVE_INT64_T 1
| #define HAVE_UINT64_T 1
| #define OSMSCOUT_HAVE_UINT64_T 1
| #define HAVE_STD__WSTRING 1
| #define OSMSCOUT_HAVE_STD_WSTRING 1
| #define SIZEOF_WCHAR_T 4
| #define HAVE_FCNTL_H 1
| #define HAVE_SYS_TIME_H 1
| #define HAVE_UNORDERED_MAP 1
| #define OSMSCOUT_HAVE_UNORDERED_MAP 1
| #define HAVE_UNORDERED_SET 1
| #define OSMSCOUT_HAVE_UNORDERED_SET 1
| #define HAVE_THREAD 1
| #define OSMSCOUT_HAVE_THREAD 1
| #define OSMSCOUT_HAVE_LOG2 1
| #define OSMSCOUT_HAVE_ATANH 1
| #define OSMSCOUT_HAVE_LROUND 1
| #define HAVE_MMAP 1
| #define HAVE_POSIX_MADVISE 1
| #define HAVE_FSEEKO 1
| /* end confdefs.h.  */
| #ifdef __cplusplus
| extern "C"
| #endif
| void omp_set_num_threads(int);
| int
| main ()
| {
| const int N = 100000;
|   int i, arr[N];
| 
|   omp_set_num_threads(2);
| 
|   #pragma omp parallel for
|   for (i = 0; i < N; i++) {
|     arr[i] = i;
|   }
|   ;
|   return 0;
| }
configure:17673: g++ -o conftest -g -O2  -Wall -omp  -std=c++0x  conftest.cpp  >&5
conftest.cpp:66:11: warning: unknown pragma ignored [-Wunknown-pragmas]
  #pragma omp parallel for
          ^
1 warning generated.
Undefined symbols for architecture x86_64:
  "_omp_set_num_threads", referenced from:
      _main in conftest-GsFGC2.o
ld: symbol(s) not found for architecture x86_64
clang: error: linker command failed with exit code 1 (use -v to see invocation)
configure:17673: $? = 1
configure: failed program was:
| /* confdefs.h */
| #define PACKAGE_NAME "libosmscout"
| #define PACKAGE_TARNAME "libosmscout"
| #define PACKAGE_VERSION "0.1"
| #define PACKAGE_STRING "libosmscout 0.1"
| #define PACKAGE_BUGREPORT "tim@teulings.org"
| #define PACKAGE_URL ""
| #define STDC_HEADERS 1
| #define HAVE_SYS_TYPES_H 1
| #define HAVE_SYS_STAT_H 1
| #define HAVE_STDLIB_H 1
| #define HAVE_STRING_H 1
| #define HAVE_MEMORY_H 1
| #define HAVE_STRINGS_H 1
| #define HAVE_INTTYPES_H 1
| #define HAVE_STDINT_H 1
| #define HAVE_UNISTD_H 1
| #define HAVE_DLFCN_H 1
| #define LT_OBJDIR ".libs/"
| #define HAVE_INT8_T 1
| #define OSMSCOUT_HAVE_INT8_T 1
| #define HAVE_UINT8_T 1
| #define OSMSCOUT_HAVE_UINT8_T 1
| #define HAVE_INT16_T 1
| #define OSMSCOUT_HAVE_INT16_T 1
| #define HAVE_UINT16_T 1
| #define OSMSCOUT_HAVE_UINT16_T 1
| #define HAVE_INT32_T 1
| #define OSMSCOUT_HAVE_INT32_T 1
| #define HAVE_UINT32_T 1
| #define OSMSCOUT_HAVE_UINT32_T 1
| #define HAVE_INT64_T 1
| #define OSMSCOUT_HAVE_INT64_T 1
| #define HAVE_UINT64_T 1
| #define OSMSCOUT_HAVE_UINT64_T 1
| #define HAVE_STD__WSTRING 1
| #define OSMSCOUT_HAVE_STD_WSTRING 1
| #define SIZEOF_WCHAR_T 4
| #define HAVE_FCNTL_H 1
| #define HAVE_SYS_TIME_H 1
| #define HAVE_UNORDERED_MAP 1
| #define OSMSCOUT_HAVE_UNORDERED_MAP 1
| #define HAVE_UNORDERED_SET 1
| #define OSMSCOUT_HAVE_UNORDERED_SET 1
| #define HAVE_THREAD 1
| #define OSMSCOUT_HAVE_THREAD 1
| #define OSMSCOUT_HAVE_LOG2 1
| #define OSMSCOUT_HAVE_ATANH 1
| #define OSMSCOUT_HAVE_LROUND 1
| #define HAVE_MMAP 1
| #define HAVE_POSIX_MADVISE 1
| #define HAVE_FSEEKO 1
| /* end confdefs.h.  */
| #ifdef __cplusplus
| extern "C"
| #endif
| void omp_set_num_threads(int);
| int
| main ()
| {
| const int N = 100000;
|   int i, arr[N];
| 
|   omp_set_num_threads(2);
| 
|   #pragma omp parallel for
|   for (i = 0; i < N; i++) {
|     arr[i] = i;
|   }
|   ;
|   return 0;
| }
configure:17673: g++ -o conftest -g -O2  -Wall -qsmp=omp  -std=c++0x  conftest.cpp  >&5
clang: warning: argument unused during compilation: '-qsmp=omp'
conftest.cpp:66:11: warning: unknown pragma ignored [-Wunknown-pragmas]
  #pragma omp parallel for
          ^
1 warning generated.
Undefined symbols for architecture x86_64:
  "_omp_set_num_threads", referenced from:
      _main in conftest-UxG3h0.o
ld: symbol(s) not found for architecture x86_64
clang: error: linker command failed with exit code 1 (use -v to see invocation)
configure:17673: $? = 1
configure: failed program was:
| /* confdefs.h */
| #define PACKAGE_NAME "libosmscout"
| #define PACKAGE_TARNAME "libosmscout"
| #define PACKAGE_VERSION "0.1"
| #define PACKAGE_STRING "libosmscout 0.1"
| #define PACKAGE_BUGREPORT "tim@teulings.org"
| #define PACKAGE_URL ""
| #define STDC_HEADERS 1
| #define HAVE_SYS_TYPES_H 1
| #define HAVE_SYS_STAT_H 1
| #define HAVE_STDLIB_H 1
| #define HAVE_STRING_H 1
| #define HAVE_MEMORY_H 1
| #define HAVE_STRINGS_H 1
| #define HAVE_INTTYPES_H 1
| #define HAVE_STDINT_H 1
| #define HAVE_UNISTD_H 1
| #define HAVE_DLFCN_H 1
| #define LT_OBJDIR ".libs/"
| #define HAVE_INT8_T 1
| #define OSMSCOUT_HAVE_INT8_T 1
| #define HAVE_UINT8_T 1
| #define OSMSCOUT_HAVE_UINT8_T 1
| #define HAVE_INT16_T 1
| #define OSMSCOUT_HAVE_INT16_T 1
| #define HAVE_UINT16_T 1
| #define OSMSCOUT_HAVE_UINT16_T 1
| #define HAVE_INT32_T 1
| #define OSMSCOUT_HAVE_INT32_T 1
| #define HAVE_UINT32_T 1
| #define OSMSCOUT_HAVE_UINT32_T 1
| #define HAVE_INT64_T 1
| #define OSMSCOUT_HAVE_INT64_T 1
| #define HAVE_UINT64_T 1
| #define OSMSCOUT_HAVE_UINT64_T 1
| #define HAVE_STD__WSTRING 1
| #define OSMSCOUT_HAVE_STD_WSTRING 1
| #define SIZEOF_WCHAR_T 4
| #define HAVE_FCNTL_H 1
| #define HAVE_SYS_TIME_H 1
| #define HAVE_UNORDERED_MAP 1
| #define OSMSCOUT_HAVE_UNORDERED_MAP 1
| #define HAVE_UNORDERED_SET 1
| #define OSMSCOUT_HAVE_UNORDERED_SET 1
| #define HAVE_THREAD 1
| #define OSMSCOUT_HAVE_THREAD 1
| #define OSMSCOUT_HAVE_LOG2 1
| #define OSMSCOUT_HAVE_ATANH 1
| #define OSMSCOUT_HAVE_LROUND 1
| #define HAVE_MMAP 1
| #define HAVE_POSIX_MADVISE 1
| #define HAVE_FSEEKO 1
| /* end confdefs.h.  */
| #ifdef __cplusplus
| extern "C"
| #endif
| void omp_set_num_threads(int);
| int
| main ()
| {
| const int N = 100000;
|   int i, arr[N];
| 
|   omp_set_num_threads(2);
| 
|   #pragma omp parallel for
|   for (i = 0; i < N; i++) {
|     arr[i] = i;
|   }
|   ;
|   return 0;
| }
configure:17673: g++ -o conftest   -std=c++0x  conftest.cpp  >&5
Undefined symbols for architecture x86_64:
  "_omp_set_num_threads", referenced from:
      _main in conftest-WzTpBl.o
ld: symbol(s) not found for architecture x86_64
clang: error: linker command failed with exit code 1 (use -v to see invocation)
configure:17673: $? = 1
configure: failed program was:
| /* confdefs.h */
| #define PACKAGE_NAME "libosmscout"
| #define PACKAGE_TARNAME "libosmscout"
| #define PACKAGE_VERSION "0.1"
| #define PACKAGE_STRING "libosmscout 0.1"
| #define PACKAGE_BUGREPORT "tim@teulings.org"
| #define PACKAGE_URL ""
| #define STDC_HEADERS 1
| #define HAVE_SYS_TYPES_H 1
| #define HAVE_SYS_STAT_H 1
| #define HAVE_STDLIB_H 1
| #define HAVE_STRING_H 1
| #define HAVE_MEMORY_H 1
| #define HAVE_STRINGS_H 1
| #define HAVE_INTTYPES_H 1
| #define HAVE_STDINT_H 1
| #define HAVE_UNISTD_H 1
| #define HAVE_DLFCN_H 1
| #define LT_OBJDIR ".libs/"
| #define HAVE_INT8_T 1
| #define OSMSCOUT_HAVE_INT8_T 1
| #define HAVE_UINT8_T 1
| #define OSMSCOUT_HAVE_UINT8_T 1
| #define HAVE_INT16_T 1
| #define OSMSCOUT_HAVE_INT16_T 1
| #define HAVE_UINT16_T 1
| #define OSMSCOUT_HAVE_UINT16_T 1
| #define HAVE_INT32_T 1
| #define OSMSCOUT_HAVE_INT32_T 1
| #define HAVE_UINT32_T 1
| #define OSMSCOUT_HAVE_UINT32_T 1
| #define HAVE_INT64_T 1
| #define OSMSCOUT_HAVE_INT64_T 1
| #define HAVE_UINT64_T 1
| #define OSMSCOUT_HAVE_UINT64_T 1
| #define HAVE_STD__WSTRING 1
| #define OSMSCOUT_HAVE_STD_WSTRING 1
| #define SIZEOF_WCHAR_T 4
| #define HAVE_FCNTL_H 1
| #define HAVE_SYS_TIME_H 1
| #define HAVE_UNORDERED_MAP 1
| #define OSMSCOUT_HAVE_UNORDERED_MAP 1
| #define HAVE_UNORDERED_SET 1
| #define OSMSCOUT_HAVE_UNORDERED_SET 1
| #define HAVE_THREAD 1
| #define OSMSCOUT_HAVE_THREAD 1
| #define OSMSCOUT_HAVE_LOG2 1
| #define OSMSCOUT_HAVE_ATANH 1
| #define OSMSCOUT_HAVE_LROUND 1
| #define HAVE_MMAP 1
| #define HAVE_POSIX_MADVISE 1
| #define HAVE_FSEEKO 1
| /* end confdefs.h.  */
| #ifdef __cplusplus
| extern "C"
| #endif
| void omp_set_num_threads(int);
| int
| main ()
| {
| const int N = 100000;
|   int i, arr[N];
| 
|   omp_set_num_threads(2);
| 
|   #pragma omp parallel for
|   for (i = 0; i < N; i++) {
|     arr[i] = i;
|   }
|   ;
|   return 0;
| }
configure:17682: result: unknown
configure:17723: checking for gcc symbol visibility support
configure:17738: g++ -c -g -O2  -Wall -Wextra -Wpointer-arith -Wundef -Wcast-qual -Wcast-align -Wredundant-decls -Wno-long-long -fvisibility=hidden -fvisibility-inlines-hidden  -std=c++0x conftest.cpp >&5
configure:17738: $? = 0
configure:17741: result: yes
configure:17807: checking for pkg-config
configure:17825: found /usr/local/bin/pkg-config
configure:17837: result: /usr/local/bin/pkg-config
configure:17862: checking pkg-config is at least version 0.9.0
configure:17865: result: yes
configure:17876: checking for MARISA
configure:17883: $PKG_CONFIG --exists --print-errors "marisa"
configure:17886: $? = 0
configure:17899: $PKG_CONFIG --exists --print-errors "marisa"
configure:17902: $? = 0
configure:17939: result: yes
configure:17966: checking our pkgconfig libname
configure:17974: result: libosmscout
configure:17977: checking our pkgconfig version
configure:17985: result: 0.1
configure:17988: checking our pkgconfig_libdir
configure:17995: result: ${libdir}/pkgconfig
configure:17998: result: expanded our pkgconfig_libdir... /usr/local/lib/pkgconfig
configure:18002: checking our pkgconfig_libfile
configure:18008: result: libosmscout.pc
configure:18015: checking our package / suffix
configure:18019: result: libosmscout / 
configure:18022: checking our pkgconfig description
configure:18029: result: libosmscout base library
configure:18032: checking our pkgconfig requires
configure:18037: result: 
configure:18040: checking our pkgconfig ext libs
configure:18047: result: -losmscout -L/usr/local/Cellar/marisa/0.2.4/lib -lmarisa
configure:18050: checking our pkgconfig cppflags
configure:18055: result: -std=c++0x -I/usr/local/Cellar/marisa/0.2.4/include
configure:18058: checking our pkgconfig ldflags
configure:18063: result: -std=c++0x -I/usr/local/Cellar/marisa/0.2.4/include
configure:18103: result: noninstalled pkgconfig -L /Users/nk/Development/scratch/libosmscout-code/libosmscout/src/.libs
configure:18138: result: noninstalled pkgconfig -I /Users/nk/Development/scratch/libosmscout-code/libosmscout/./include
configure:18257: checking that generated files are newer than configure
configure:18263: result: done
configure:18298: creating ./config.status

## ---------------------- ##
## Running config.status. ##
## ---------------------- ##

This file was extended by libosmscout config.status 0.1, which was
generated by GNU Autoconf 2.69.  Invocation command line was

  CONFIG_FILES    = 
  CONFIG_HEADERS  = 
  CONFIG_LINKS    = 
  CONFIG_COMMANDS = 
  $ ./config.status 

on nk.home

config.status:1219: creating Makefile
config.status:1219: creating src/Makefile
config.status:1219: creating include/Makefile
config.status:1219: creating tests/Makefile
config.status:1219: creating include/osmscout/private/Config.h
config.status:1219: creating include/osmscout/CoreFeatures.h
config.status:1448: executing depfiles commands
config.status:1448: executing libtool commands
config.status:1448: executing libosmscout.pc commands
config.status:2357: creating libosmscout.pc.in
config.status:2380: creating libosmscout.pc
config.status:2406: creating libosmscout-uninstalled.pc
config.status:2436: creating libosmscout-uninstalled.sh

## ---------------- ##
## Cache variables. ##
## ---------------- ##

ac_cv_build=x86_64-apple-darwin13.0.0
ac_cv_c_compiler_gnu=yes
ac_cv_cxx_compiler_gnu=yes
ac_cv_cxxflags_warn_all=-Wall
ac_cv_env_CCC_set=
ac_cv_env_CCC_value=
ac_cv_env_CC_set=
ac_cv_env_CC_value=
ac_cv_env_CFLAGS_set=
ac_cv_env_CFLAGS_value=
ac_cv_env_CPPFLAGS_set=
ac_cv_env_CPPFLAGS_value=
ac_cv_env_CPP_set=
ac_cv_env_CPP_value=
ac_cv_env_CXXCPP_set=
ac_cv_env_CXXCPP_value=
ac_cv_env_CXXFLAGS_set=
ac_cv_env_CXXFLAGS_value=
ac_cv_env_CXX_set=
ac_cv_env_CXX_value=
ac_cv_env_LDFLAGS_set=
ac_cv_env_LDFLAGS_value=
ac_cv_env_LIBS_set=
ac_cv_env_LIBS_value=
ac_cv_env_MARISA_CFLAGS_set=
ac_cv_env_MARISA_CFLAGS_value=
ac_cv_env_MARISA_LIBS_set=
ac_cv_env_MARISA_LIBS_value=
ac_cv_env_PKG_CONFIG_LIBDIR_set=
ac_cv_env_PKG_CONFIG_LIBDIR_value=
ac_cv_env_PKG_CONFIG_PATH_set=set
ac_cv_env_PKG_CONFIG_PATH_value=:/Users/nk/Development/scratch/libosmscout-code/libosmscout:/Users/nk/Development/scratch/libosmscout-code/libosmscout-import:/Users/nk/Development/scratch/libosmscout-code/libosmscout-map
ac_cv_env_PKG_CONFIG_set=
ac_cv_env_PKG_CONFIG_value=
ac_cv_env_build_alias_set=
ac_cv_env_build_alias_value=
ac_cv_env_host_alias_set=
ac_cv_env_host_alias_value=
ac_cv_env_target_alias_set=
ac_cv_env_target_alias_value=
ac_cv_func_mmap=yes
ac_cv_func_posix_fadvise=no
ac_cv_func_posix_madvise=yes
ac_cv_have_decl_atanh_double_=yes
ac_cv_have_decl_log2_double_=yes
ac_cv_have_decl_lround_double_=yes
ac_cv_header_dlfcn_h=yes
ac_cv_header_fcntl_h=yes
ac_cv_header_inttypes_h=yes
ac_cv_header_memory_h=yes
ac_cv_header_stdc=yes
ac_cv_header_stdint_h=yes
ac_cv_header_stdlib_h=yes
ac_cv_header_string_h=yes
ac_cv_header_strings_h=yes
ac_cv_header_sys_stat_h=yes
ac_cv_header_sys_time_h=yes
ac_cv_header_sys_types_h=yes
ac_cv_header_thread=yes
ac_cv_header_unistd_h=yes
ac_cv_header_unordered_map=yes
ac_cv_header_unordered_set=yes
ac_cv_host=x86_64-apple-darwin13.0.0
ac_cv_objext=o
ac_cv_path_EGREP='/usr/bin/grep -E'
ac_cv_path_FGREP='/usr/bin/grep -F'
ac_cv_path_GREP=/usr/bin/grep
ac_cv_path_SED=/usr/bin/sed
ac_cv_path_ac_pt_PKG_CONFIG=/usr/local/bin/pkg-config
ac_cv_path_install='/usr/bin/install -c'
ac_cv_prog_AWK=awk
ac_cv_prog_CPP='gcc -E'
ac_cv_prog_CXXCPP='g++ -E'
ac_cv_prog_ac_ct_AR=ar
ac_cv_prog_ac_ct_CC=gcc
ac_cv_prog_ac_ct_CXX=g++
ac_cv_prog_ac_ct_DSYMUTIL=dsymutil
ac_cv_prog_ac_ct_LIPO=lipo
ac_cv_prog_ac_ct_NMEDIT=nmedit
ac_cv_prog_ac_ct_OTOOL=otool
ac_cv_prog_ac_ct_RANLIB=ranlib
ac_cv_prog_ac_ct_STRIP=strip
ac_cv_prog_cc_c89=
ac_cv_prog_cc_g=yes
ac_cv_prog_cxx_g=yes
ac_cv_prog_make_make_set=yes
ac_cv_search_sqrt='none required'
ac_cv_sizeof_wchar_t=4
ac_cv_sys_file_offset_bits=no
ac_cv_sys_largefile_CC=no
ac_cv_sys_largefile_source=no
ac_cv_type_int16_t=yes
ac_cv_type_int32_t=yes
ac_cv_type_int64_t=yes
ac_cv_type_int8_t=yes
ac_cv_type_size_t=yes
ac_cv_type_std__wstring=yes
ac_cv_type_uint16_t=yes
ac_cv_type_uint32_t=yes
ac_cv_type_uint64_t=yes
ac_cv_type_uint8_t=yes
am_cv_CC_dependencies_compiler_type=gcc3
am_cv_CXX_dependencies_compiler_type=gcc3
am_cv_make_support_nested_variables=yes
am_cv_prog_cc_c_o=yes
ax_cv_check_cxxflags___std_cpp0x=yes
ax_cv_cxx_openmp=unknown
ax_cv_gcc_x86_avx_xgetbv_=unknown
ax_cv_gcc_x86_cpuid_=unknown
lt_cv_apple_cc_single_mod=yes
lt_cv_ar_at_file=no
lt_cv_deplibs_check_method=pass_all
lt_cv_file_magic_cmd='$MAGIC_CMD'
lt_cv_file_magic_test_file=
lt_cv_ld_exported_symbols_list=yes
lt_cv_ld_force_load=yes
lt_cv_ld_reload_flag=-r
lt_cv_nm_interface='BSD nm'
lt_cv_objdir=.libs
lt_cv_path_LD=/Applications/Xcode.app/Contents/Developer/Toolchains/XcodeDefault.xctoolchain/usr/bin/ld
lt_cv_path_LDCXX=/Applications/Xcode.app/Contents/Developer/Toolchains/XcodeDefault.xctoolchain/usr/bin/ld
lt_cv_path_NM=/usr/bin/nm
lt_cv_path_mainfest_tool=no
lt_cv_prog_compiler_c_o=yes
lt_cv_prog_compiler_c_o_CXX=yes
lt_cv_prog_compiler_pic='-fno-common -DPIC'
lt_cv_prog_compiler_pic_CXX='-fno-common -DPIC'
lt_cv_prog_compiler_pic_works=yes
lt_cv_prog_compiler_pic_works_CXX=yes
lt_cv_prog_compiler_rtti_exceptions=yes
lt_cv_prog_compiler_static_works=no
lt_cv_prog_compiler_static_works_CXX=no
lt_cv_prog_gnu_ld=no
lt_cv_prog_gnu_ldcxx=no
lt_cv_sharedlib_from_linklib_cmd='printf %s\n'
lt_cv_sys_global_symbol_pipe='sed -n -e '\''s/^.*[	 ]\([BCDEGRST][BCDEGRST]*\)[	 ][	 ]*_\([_A-Za-z][_A-Za-z0-9]*\)$/\1 _\2 \2/p'\'' | sed '\''/ __gnu_lto/d'\'''
lt_cv_sys_global_symbol_to_c_name_address='sed -n -e '\''s/^: \([^ ]*\)[ ]*$/  {\"\1\", (void *) 0},/p'\'' -e '\''s/^[BCDEGRST]* \([^ ]*\) \([^ ]*\)$/  {"\2", (void *) \&\2},/p'\'''
lt_cv_sys_global_symbol_to_c_name_address_lib_prefix='sed -n -e '\''s/^: \([^ ]*\)[ ]*$/  {\"\1\", (void *) 0},/p'\'' -e '\''s/^[BCDEGRST]* \([^ ]*\) \(lib[^ ]*\)$/  {"\2", (void *) \&\2},/p'\'' -e '\''s/^[BCDEGRST]* \([^ ]*\) \([^ ]*\)$/  {"lib\2", (void *) \&\2},/p'\'''
lt_cv_sys_global_symbol_to_cdecl='sed -n -e '\''s/^T .* \(.*\)$/extern int \1();/p'\'' -e '\''s/^[BCDEGRST]* .* \(.*\)$/extern char \1;/p'\'''
lt_cv_sys_max_cmd_len=196608
lt_cv_to_host_file_cmd=func_convert_file_noop
lt_cv_to_tool_file_cmd=func_convert_file_noop
pkg_cv_MARISA_CFLAGS='-I/usr/local/Cellar/marisa/0.2.4/include '
pkg_cv_MARISA_LIBS='-L/usr/local/Cellar/marisa/0.2.4/lib -lmarisa '

## ----------------- ##
## Output variables. ##
## ----------------- ##

ACLOCAL='${SHELL} /Users/nk/Development/scratch/libosmscout-code/libosmscout/missing aclocal-1.14'
AMDEPBACKSLASH='\'
AMDEP_FALSE='#'
AMDEP_TRUE=''
AMTAR='$${TAR-tar}'
AM_BACKSLASH='\'
AM_DEFAULT_V='$(AM_DEFAULT_VERBOSITY)'
AM_DEFAULT_VERBOSITY='0'
AM_V='$(V)'
AR='ar'
AS='as'
AUTOCONF='${SHELL} /Users/nk/Development/scratch/libosmscout-code/libosmscout/missing autoconf'
AUTOHEADER='${SHELL} /Users/nk/Development/scratch/libosmscout-code/libosmscout/missing autoheader'
AUTOMAKE='${SHELL} /Users/nk/Development/scratch/libosmscout-code/libosmscout/missing automake-1.14'
AWK='awk'
CC='gcc'
CCDEPMODE='depmode=gcc3'
CFLAGS='-g -O2'
CPP0XFLAGS='-std=c++0x'
CPP='gcc -E'
CPPFLAGS='-DLIB_DATADIR=\"${datarootdir}/libosmscout\"  -std=c++0x'
CXX='g++'
CXXCPP='g++ -E'
CXXDEPMODE='depmode=gcc3'
CXXFLAGS='-g -O2  -Wall -Wextra -Wpointer-arith -Wundef -Wcast-qual -Wcast-align -Wredundant-decls -Wno-long-long'
CYGPATH_W='echo'
DEFS='-DHAVE_CONFIG_H'
DEPDIR='.deps'
DLLTOOL='false'
DSYMUTIL='dsymutil'
DUMPBIN=''
ECHO_C='\c'
ECHO_N=''
ECHO_T=''
EGREP='/usr/bin/grep -E'
EXEEXT=''
FGREP='/usr/bin/grep -F'
GREP='/usr/bin/grep'
INSTALL_DATA='${INSTALL} -m 644'
INSTALL_PROGRAM='${INSTALL}'
INSTALL_SCRIPT='${INSTALL}'
INSTALL_STRIP_PROGRAM='$(install_sh) -c -s'
LD='/Applications/Xcode.app/Contents/Developer/Toolchains/XcodeDefault.xctoolchain/usr/bin/ld'
LDFLAGS=''
LIBOBJS=''
LIBS=''
LIBTOOL='$(SHELL) $(top_builddir)/libtool'
LIB_CXXFLAGS='-fvisibility=hidden -fvisibility-inlines-hidden'
LIPO='lipo'
LN_S='ln -s'
LTLIBOBJS=''
MAKEINFO='${SHELL} /Users/nk/Development/scratch/libosmscout-code/libosmscout/missing makeinfo'
MANIFEST_TOOL=':'
MARISA_CFLAGS='-I/usr/local/Cellar/marisa/0.2.4/include '
MARISA_LIBS='-L/usr/local/Cellar/marisa/0.2.4/lib -lmarisa '
MKDIR_P='./install-sh -c -d'
NM='/usr/bin/nm'
NMEDIT='nmedit'
OBJDUMP='false'
OBJEXT='o'
OPENMP_CXXFLAGS=''
OSMSCOUT_HAVE_LIB_MARISA_FALSE='#'
OSMSCOUT_HAVE_LIB_MARISA_TRUE=''
OSMSCOUT_HAVE_SSE2_FALSE=''
OSMSCOUT_HAVE_SSE2_TRUE='#'
OTOOL64=':'
OTOOL='otool'
PACKAGE='libosmscout'
PACKAGE_BUGREPORT='tim@teulings.org'
PACKAGE_NAME='libosmscout'
PACKAGE_STRING='libosmscout 0.1'
PACKAGE_TARNAME='libosmscout'
PACKAGE_URL=''
PACKAGE_VERSION='0.1'
PATH_SEPARATOR=':'
PKG_CONFIG='/usr/local/bin/pkg-config'
PKG_CONFIG_LIBDIR=''
PKG_CONFIG_PATH=':/Users/nk/Development/scratch/libosmscout-code/libosmscout:/Users/nk/Development/scratch/libosmscout-code/libosmscout-import:/Users/nk/Development/scratch/libosmscout-code/libosmscout-map'
RANLIB='ranlib'
SED='/usr/bin/sed'
SET_MAKE=''
SHELL='/bin/sh'
SIMD_FLAGS=''
STRIP='strip'
VERSION='0.1'
ac_ct_AR='ar'
ac_ct_CC='gcc'
ac_ct_CXX='g++'
ac_ct_DUMPBIN=''
am__EXEEXT_FALSE=''
am__EXEEXT_TRUE='#'
am__fastdepCC_FALSE='#'
am__fastdepCC_TRUE=''
am__fastdepCXX_FALSE='#'
am__fastdepCXX_TRUE=''
am__include='include'
am__isrc=''
am__leading_dot='.'
am__nodep='_no'
am__quote=''
am__tar='$${TAR-tar} chof - "$$tardir"'
am__untar='$${TAR-tar} xf -'
bindir='${exec_prefix}/bin'
build='x86_64-apple-darwin13.0.0'
build_alias=''
build_cpu='x86_64'
build_os='darwin13.0.0'
build_vendor='apple'
datadir='${datarootdir}'
datarootdir='${prefix}/share'
docdir='${datarootdir}/doc/${PACKAGE_TARNAME}'
dvidir='${docdir}'
exec_prefix='${prefix}'
host='x86_64-apple-darwin13.0.0'
host_alias=''
host_cpu='x86_64'
host_os='darwin13.0.0'
host_vendor='apple'
htmldir='${docdir}'
includedir='${prefix}/include'
infodir='${datarootdir}/info'
install_sh='${SHELL} /Users/nk/Development/scratch/libosmscout-code/libosmscout/install-sh'
libdir='${exec_prefix}/lib'
libexecdir='${exec_prefix}/libexec'
localedir='${datarootdir}/locale'
localstatedir='${prefix}/var'
mandir='${datarootdir}/man'
mkdir_p='$(MKDIR_P)'
oldincludedir='/usr/include'
pdfdir='${docdir}'
pkgconfig_libdir='${libdir}/pkgconfig'
pkgconfig_libfile='libosmscout.pc'
prefix='/usr/local'
program_transform_name='s,x,x,'
psdir='${docdir}'
sbindir='${exec_prefix}/sbin'
sharedstatedir='${prefix}/com'
sysconfdir='${prefix}/etc'
target_alias=''

## ----------- ##
## confdefs.h. ##
## ----------- ##

/* confdefs.h */
#define PACKAGE_NAME "libosmscout"
#define PACKAGE_TARNAME "libosmscout"
#define PACKAGE_VERSION "0.1"
#define PACKAGE_STRING "libosmscout 0.1"
#define PACKAGE_BUGREPORT "tim@teulings.org"
#define PACKAGE_URL ""
#define STDC_HEADERS 1
#define HAVE_SYS_TYPES_H 1
#define HAVE_SYS_STAT_H 1
#define HAVE_STDLIB_H 1
#define HAVE_STRING_H 1
#define HAVE_MEMORY_H 1
#define HAVE_STRINGS_H 1
#define HAVE_INTTYPES_H 1
#define HAVE_STDINT_H 1
#define HAVE_UNISTD_H 1
#define HAVE_DLFCN_H 1
#define LT_OBJDIR ".libs/"
#define HAVE_INT8_T 1
#define OSMSCOUT_HAVE_INT8_T 1
#define HAVE_UINT8_T 1
#define OSMSCOUT_HAVE_UINT8_T 1
#define HAVE_INT16_T 1
#define OSMSCOUT_HAVE_INT16_T 1
#define HAVE_UINT16_T 1
#define OSMSCOUT_HAVE_UINT16_T 1
#define HAVE_INT32_T 1
#define OSMSCOUT_HAVE_INT32_T 1
#define HAVE_UINT32_T 1
#define OSMSCOUT_HAVE_UINT32_T 1
#define HAVE_INT64_T 1
#define OSMSCOUT_HAVE_INT64_T 1
#define HAVE_UINT64_T 1
#define OSMSCOUT_HAVE_UINT64_T 1
#define HAVE_STD__WSTRING 1
#define OSMSCOUT_HAVE_STD_WSTRING 1
#define SIZEOF_WCHAR_T 4
#define HAVE_FCNTL_H 1
#define HAVE_SYS_TIME_H 1
#define HAVE_UNORDERED_MAP 1
#define OSMSCOUT_HAVE_UNORDERED_MAP 1
#define HAVE_UNORDERED_SET 1
#define OSMSCOUT_HAVE_UNORDERED_SET 1
#define HAVE_THREAD 1
#define OSMSCOUT_HAVE_THREAD 1
#define OSMSCOUT_HAVE_LOG2 1
#define OSMSCOUT_HAVE_ATANH 1
#define OSMSCOUT_HAVE_LROUND 1
#define HAVE_MMAP 1
#define HAVE_POSIX_MADVISE 1
#define HAVE_FSEEKO 1
#define OSMSCOUT_HAVE_STDINT_H 1
#define OSMSCOUT_EXPORT_SYMBOLS 1
#define OSMSCOUT_HAVE_LIB_MARISA 1

configure: exit 0
